-------------------------------------------------------------------------------
Test set: com.extremettt.domain.StartTest
-------------------------------------------------------------------------------
Tests run: 4, Failures: 0, Errors: 2, Skipped: 0, Time elapsed: 4.369 sec <<< FAILURE!
startGameWorksWithS(com.extremettt.domain.StartTest)  Time elapsed: 2.504 sec  <<< ERROR!
java.lang.StackOverflowError
	at sun.awt.X11GraphicsConfig.pGetBounds(Native Method)
	at sun.awt.X11GraphicsConfig.getBounds(X11GraphicsConfig.java:314)
	at java.awt.Window.init(Window.java:505)
	at java.awt.Window.<init>(Window.java:537)
	at java.awt.Frame.<init>(Frame.java:420)
	at java.awt.Frame.<init>(Frame.java:385)
	at javax.swing.JFrame.<init>(JFrame.java:189)
	at com.extremettt.gui.Frame.<init>(Frame.java:24)
	at com.extremettt.logic.TwoPlayerGame.<init>(TwoPlayerGame.java:23)
	at com.extremettt.gui.MyMouseListener.<init>(MyMouseListener.java:20)
	at com.extremettt.gui.Cell.<init>(Cell.java:22)
	at com.extremettt.gui.Frame.newPanelWithCells(Frame.java:47)
	at com.extremettt.gui.Frame.<init>(Frame.java:25)
	at com.extremettt.logic.TwoPlayerGame.<init>(TwoPlayerGame.java:23)
	at com.extremettt.gui.MyMouseListener.<init>(MyMouseListener.java:20)
	at com.extremettt.gui.Cell.<init>(Cell.java:22)
	at com.extremettt.gui.Frame.newPanelWithCells(Frame.java:47)
	at com.extremettt.gui.Frame.<init>(Frame.java:25)
	at com.extremettt.logic.TwoPlayerGame.<init>(TwoPlayerGame.java:23)
	at com.extremettt.gui.MyMouseListener.<init>(MyMouseListener.java:20)
	at com.extremettt.gui.Cell.<init>(Cell.java:22)
	at com.extremettt.gui.Frame.newPanelWithCells(Frame.java:47)
	at com.extremettt.gui.Frame.<init>(Frame.java:25)
	at com.extremettt.logic.TwoPlayerGame.<init>(TwoPlayerGame.java:23)
	at com.extremettt.gui.MyMouseListener.<init>(MyMouseListener.java:20)
	at com.extremettt.gui.Cell.<init>(Cell.java:22)
	at com.extremettt.gui.Frame.newPanelWithCells(Frame.java:47)
	at com.extremettt.gui.Frame.<init>(Frame.java:25)
	at com.extremettt.logic.TwoPlayerGame.<init>(TwoPlayerGame.java:23)
	at com.extremettt.gui.MyMouseListener.<init>(MyMouseListener.java:20)
	at com.extremettt.gui.Cell.<init>(Cell.java:22)
	at com.extremettt.gui.Frame.newPanelWithCells(Frame.java:47)
	at com.extremettt.gui.Frame.<init>(Frame.java:25)
	at com.extremettt.logic.TwoPlayerGame.<init>(TwoPlayerGame.java:23)
	at com.extremettt.gui.MyMouseListener.<init>(MyMouseListener.java:20)
	at com.extremettt.gui.Cell.<init>(Cell.java:22)
	at com.extremettt.gui.Frame.newPanelWithCells(Frame.java:47)
	at com.extremettt.gui.Frame.<init>(Frame.java:25)
	at com.extremettt.logic.TwoPlayerGame.<init>(TwoPlayerGame.java:23)
	at com.extremettt.gui.MyMouseListener.<init>(MyMouseListener.java:20)
	at com.extremettt.gui.Cell.<init>(Cell.java:22)
	at com.extremettt.gui.Frame.newPanelWithCells(Frame.java:47)
	at com.extremettt.gui.Frame.<init>(Frame.java:25)
	at com.extremettt.logic.TwoPlayerGame.<init>(TwoPlayerGame.java:23)
	at com.extremettt.gui.MyMouseListener.<init>(MyMouseListener.java:20)
	at com.extremettt.gui.Cell.<init>(Cell.java:22)
	at com.extremettt.gui.Frame.newPanelWithCells(Frame.java:47)
	at com.extremettt.gui.Frame.<init>(Frame.java:25)
	at com.extremettt.logic.TwoPlayerGame.<init>(TwoPlayerGame.java:23)
	at com.extremettt.gui.MyMouseListener.<init>(MyMouseListener.java:20)
	at com.extremettt.gui.Cell.<init>(Cell.java:22)
	at com.extremettt.gui.Frame.newPanelWithCells(Frame.java:47)
	at com.extremettt.gui.Frame.<init>(Frame.java:25)
	at com.extremettt.logic.TwoPlayerGame.<init>(TwoPlayerGame.java:23)
	at com.extremettt.gui.MyMouseListener.<init>(MyMouseListener.java:20)
	at com.extremettt.gui.Cell.<init>(Cell.java:22)
	at com.extremettt.gui.Frame.newPanelWithCells(Frame.java:47)
	at com.extremettt.gui.Frame.<init>(Frame.java:25)
	at com.extremettt.logic.TwoPlayerGame.<init>(TwoPlayerGame.java:23)
	at com.extremettt.gui.MyMouseListener.<init>(MyMouseListener.java:20)
	at com.extremettt.gui.Cell.<init>(Cell.java:22)
	at com.extremettt.gui.Frame.newPanelWithCells(Frame.java:47)
	at com.extremettt.gui.Frame.<init>(Frame.java:25)
	at com.extremettt.logic.TwoPlayerGame.<init>(TwoPlayerGame.java:23)
	at com.extremettt.gui.MyMouseListener.<init>(MyMouseListener.java:20)
	at com.extremettt.gui.Cell.<init>(Cell.java:22)
	at com.extremettt.gui.Frame.newPanelWithCells(Frame.java:47)
	at com.extremettt.gui.Frame.<init>(Frame.java:25)
	at com.extremettt.logic.TwoPlayerGame.<init>(TwoPlayerGame.java:23)
	at com.extremettt.gui.MyMouseListener.<init>(MyMouseListener.java:20)
	at com.extremettt.gui.Cell.<init>(Cell.java:22)
	at com.extremettt.gui.Frame.newPanelWithCells(Frame.java:47)
	at com.extremettt.gui.Frame.<init>(Frame.java:25)
	at com.extremettt.logic.TwoPlayerGame.<init>(TwoPlayerGame.java:23)
	at com.extremettt.gui.MyMouseListener.<init>(MyMouseListener.java:20)
	at com.extremettt.gui.Cell.<init>(Cell.java:22)
	at com.extremettt.gui.Frame.newPanelWithCells(Frame.java:47)
	at com.extremettt.gui.Frame.<init>(Frame.java:25)
	at com.extremettt.logic.TwoPlayerGame.<init>(TwoPlayerGame.java:23)
	at com.extremettt.gui.MyMouseListener.<init>(MyMouseListener.java:20)
	at com.extremettt.gui.Cell.<init>(Cell.java:22)
	at com.extremettt.gui.Frame.newPanelWithCells(Frame.java:47)
	at com.extremettt.gui.Frame.<init>(Frame.java:25)
	at com.extremettt.logic.TwoPlayerGame.<init>(TwoPlayerGame.java:23)
	at com.extremettt.gui.MyMouseListener.<init>(MyMouseListener.java:20)
	at com.extremettt.gui.Cell.<init>(Cell.java:22)
	at com.extremettt.gui.Frame.newPanelWithCells(Frame.java:47)
	at com.extremettt.gui.Frame.<init>(Frame.java:25)
	at com.extremettt.logic.TwoPlayerGame.<init>(TwoPlayerGame.java:23)
	at com.extremettt.gui.MyMouseListener.<init>(MyMouseListener.java:20)
	at com.extremettt.gui.Cell.<init>(Cell.java:22)
	at com.extremettt.gui.Frame.newPanelWithCells(Frame.java:47)
	at com.extremettt.gui.Frame.<init>(Frame.java:25)
	at com.extremettt.logic.TwoPlayerGame.<init>(TwoPlayerGame.java:23)
	at com.extremettt.gui.MyMouseListener.<init>(MyMouseListener.java:20)
	at com.extremettt.gui.Cell.<init>(Cell.java:22)
	at com.extremettt.gui.Frame.newPanelWithCells(Frame.java:47)
	at com.extremettt.gui.Frame.<init>(Frame.java:25)
	at com.extremettt.logic.TwoPlayerGame.<init>(TwoPlayerGame.java:23)
	at com.extremettt.gui.MyMouseListener.<init>(MyMouseListener.java:20)
	at com.extremettt.gui.Cell.<init>(Cell.java:22)
	at com.extremettt.gui.Frame.newPanelWithCells(Frame.java:47)
	at com.extremettt.gui.Frame.<init>(Frame.java:25)
	at com.extremettt.logic.TwoPlayerGame.<init>(TwoPlayerGame.java:23)
	at com.extremettt.gui.MyMouseListener.<init>(MyMouseListener.java:20)
	at com.extremettt.gui.Cell.<init>(Cell.java:22)
	at com.extremettt.gui.Frame.newPanelWithCells(Frame.java:47)
	at com.extremettt.gui.Frame.<init>(Frame.java:25)
	at com.extremettt.logic.TwoPlayerGame.<init>(TwoPlayerGame.java:23)
	at com.extremettt.gui.MyMouseListener.<init>(MyMouseListener.java:20)
	at com.extremettt.gui.Cell.<init>(Cell.java:22)
	at com.extremettt.gui.Frame.newPanelWithCells(Frame.java:47)
	at com.extremettt.gui.Frame.<init>(Frame.java:25)
	at com.extremettt.logic.TwoPlayerGame.<init>(TwoPlayerGame.java:23)
	at com.extremettt.gui.MyMouseListener.<init>(MyMouseListener.java:20)
	at com.extremettt.gui.Cell.<init>(Cell.java:22)
	at com.extremettt.gui.Frame.newPanelWithCells(Frame.java:47)
	at com.extremettt.gui.Frame.<init>(Frame.java:25)
	at com.extremettt.logic.TwoPlayerGame.<init>(TwoPlayerGame.java:23)
	at com.extremettt.gui.MyMouseListener.<init>(MyMouseListener.java:20)
	at com.extremettt.gui.Cell.<init>(Cell.java:22)
	at com.extremettt.gui.Frame.newPanelWithCells(Frame.java:47)
	at com.extremettt.gui.Frame.<init>(Frame.java:25)
	at com.extremettt.logic.TwoPlayerGame.<init>(TwoPlayerGame.java:23)
	at com.extremettt.gui.MyMouseListener.<init>(MyMouseListener.java:20)
	at com.extremettt.gui.Cell.<init>(Cell.java:22)
	at com.extremettt.gui.Frame.newPanelWithCells(Frame.java:47)
	at com.extremettt.gui.Frame.<init>(Frame.java:25)
	at com.extremettt.logic.TwoPlayerGame.<init>(TwoPlayerGame.java:23)
	at com.extremettt.gui.MyMouseListener.<init>(MyMouseListener.java:20)
	at com.extremettt.gui.Cell.<init>(Cell.java:22)
	at com.extremettt.gui.Frame.newPanelWithCells(Frame.java:47)
	at com.extremettt.gui.Frame.<init>(Frame.java:25)
	at com.extremettt.logic.TwoPlayerGame.<init>(TwoPlayerGame.java:23)
	at com.extremettt.gui.MyMouseListener.<init>(MyMouseListener.java:20)
	at com.extremettt.gui.Cell.<init>(Cell.java:22)
	at com.extremettt.gui.Frame.newPanelWithCells(Frame.java:47)
	at com.extremettt.gui.Frame.<init>(Frame.java:25)
	at com.extremettt.logic.TwoPlayerGame.<init>(TwoPlayerGame.java:23)
	at com.extremettt.gui.MyMouseListener.<init>(MyMouseListener.java:20)
	at com.extremettt.gui.Cell.<init>(Cell.java:22)
	at com.extremettt.gui.Frame.newPanelWithCells(Frame.java:47)
	at com.extremettt.gui.Frame.<init>(Frame.java:25)
	at com.extremettt.logic.TwoPlayerGame.<init>(TwoPlayerGame.java:23)
	at com.extremettt.gui.MyMouseListener.<init>(MyMouseListener.java:20)
	at com.extremettt.gui.Cell.<init>(Cell.java:22)
	at com.extremettt.gui.Frame.newPanelWithCells(Frame.java:47)
	at com.extremettt.gui.Frame.<init>(Frame.java:25)
	at com.extremettt.logic.TwoPlayerGame.<init>(TwoPlayerGame.java:23)
	at com.extremettt.gui.MyMouseListener.<init>(MyMouseListener.java:20)
	at com.extremettt.gui.Cell.<init>(Cell.java:22)
	at com.extremettt.gui.Frame.newPanelWithCells(Frame.java:47)
	at com.extremettt.gui.Frame.<init>(Frame.java:25)
	at com.extremettt.logic.TwoPlayerGame.<init>(TwoPlayerGame.java:23)
	at com.extremettt.gui.MyMouseListener.<init>(MyMouseListener.java:20)
	at com.extremettt.gui.Cell.<init>(Cell.java:22)
	at com.extremettt.gui.Frame.newPanelWithCells(Frame.java:47)
	at com.extremettt.gui.Frame.<init>(Frame.java:25)
	at com.extremettt.logic.TwoPlayerGame.<init>(TwoPlayerGame.java:23)
	at com.extremettt.gui.MyMouseListener.<init>(MyMouseListener.java:20)
	at com.extremettt.gui.Cell.<init>(Cell.java:22)
	at com.extremettt.gui.Frame.newPanelWithCells(Frame.java:47)
	at com.extremettt.gui.Frame.<init>(Frame.java:25)
	at com.extremettt.logic.TwoPlayerGame.<init>(TwoPlayerGame.java:23)
	at com.extremettt.gui.MyMouseListener.<init>(MyMouseListener.java:20)
	at com.extremettt.gui.Cell.<init>(Cell.java:22)
	at com.extremettt.gui.Frame.newPanelWithCells(Frame.java:47)
	at com.extremettt.gui.Frame.<init>(Frame.java:25)
	at com.extremettt.logic.TwoPlayerGame.<init>(TwoPlayerGame.java:23)
	at com.extremettt.gui.MyMouseListener.<init>(MyMouseListener.java:20)
	at com.extremettt.gui.Cell.<init>(Cell.java:22)
	at com.extremettt.gui.Frame.newPanelWithCells(Frame.java:47)
	at com.extremettt.gui.Frame.<init>(Frame.java:25)
	at com.extremettt.logic.TwoPlayerGame.<init>(TwoPlayerGame.java:23)
	at com.extremettt.gui.MyMouseListener.<init>(MyMouseListener.java:20)
	at com.extremettt.gui.Cell.<init>(Cell.java:22)
	at com.extremettt.gui.Frame.newPanelWithCells(Frame.java:47)
	at com.extremettt.gui.Frame.<init>(Frame.java:25)
	at com.extremettt.logic.TwoPlayerGame.<init>(TwoPlayerGame.java:23)
	at com.extremettt.gui.MyMouseListener.<init>(MyMouseListener.java:20)
	at com.extremettt.gui.Cell.<init>(Cell.java:22)
	at com.extremettt.gui.Frame.newPanelWithCells(Frame.java:47)
	at com.extremettt.gui.Frame.<init>(Frame.java:25)
	at com.extremettt.logic.TwoPlayerGame.<init>(TwoPlayerGame.java:23)
	at com.extremettt.gui.MyMouseListener.<init>(MyMouseListener.java:20)
	at com.extremettt.gui.Cell.<init>(Cell.java:22)
	at com.extremettt.gui.Frame.newPanelWithCells(Frame.java:47)
	at com.extremettt.gui.Frame.<init>(Frame.java:25)
	at com.extremettt.logic.TwoPlayerGame.<init>(TwoPlayerGame.java:23)
	at com.extremettt.gui.MyMouseListener.<init>(MyMouseListener.java:20)
	at com.extremettt.gui.Cell.<init>(Cell.java:22)
	at com.extremettt.gui.Frame.newPanelWithCells(Frame.java:47)
	at com.extremettt.gui.Frame.<init>(Frame.java:25)
	at com.extremettt.logic.TwoPlayerGame.<init>(TwoPlayerGame.java:23)
	at com.extremettt.gui.MyMouseListener.<init>(MyMouseListener.java:20)
	at com.extremettt.gui.Cell.<init>(Cell.java:22)
	at com.extremettt.gui.Frame.newPanelWithCells(Frame.java:47)
	at com.extremettt.gui.Frame.<init>(Frame.java:25)
	at com.extremettt.logic.TwoPlayerGame.<init>(TwoPlayerGame.java:23)
	at com.extremettt.gui.MyMouseListener.<init>(MyMouseListener.java:20)
	at com.extremettt.gui.Cell.<init>(Cell.java:22)
	at com.extremettt.gui.Frame.newPanelWithCells(Frame.java:47)
	at com.extremettt.gui.Frame.<init>(Frame.java:25)
	at com.extremettt.logic.TwoPlayerGame.<init>(TwoPlayerGame.java:23)
	at com.extremettt.gui.MyMouseListener.<init>(MyMouseListener.java:20)
	at com.extremettt.gui.Cell.<init>(Cell.java:22)
	at com.extremettt.gui.Frame.newPanelWithCells(Frame.java:47)
	at com.extremettt.gui.Frame.<init>(Frame.java:25)
	at com.extremettt.logic.TwoPlayerGame.<init>(TwoPlayerGame.java:23)
	at com.extremettt.gui.MyMouseListener.<init>(MyMouseListener.java:20)
	at com.extremettt.gui.Cell.<init>(Cell.java:22)
	at com.extremettt.gui.Frame.newPanelWithCells(Frame.java:47)
	at com.extremettt.gui.Frame.<init>(Frame.java:25)
	at com.extremettt.logic.TwoPlayerGame.<init>(TwoPlayerGame.java:23)
	at com.extremettt.gui.MyMouseListener.<init>(MyMouseListener.java:20)
	at com.extremettt.gui.Cell.<init>(Cell.java:22)
	at com.extremettt.gui.Frame.newPanelWithCells(Frame.java:47)
	at com.extremettt.gui.Frame.<init>(Frame.java:25)
	at com.extremettt.logic.TwoPlayerGame.<init>(TwoPlayerGame.java:23)
	at com.extremettt.gui.MyMouseListener.<init>(MyMouseListener.java:20)
	at com.extremettt.gui.Cell.<init>(Cell.java:22)
	at com.extremettt.gui.Frame.newPanelWithCells(Frame.java:47)
	at com.extremettt.gui.Frame.<init>(Frame.java:25)
	at com.extremettt.logic.TwoPlayerGame.<init>(TwoPlayerGame.java:23)
	at com.extremettt.gui.MyMouseListener.<init>(MyMouseListener.java:20)
	at com.extremettt.gui.Cell.<init>(Cell.java:22)
	at com.extremettt.gui.Frame.newPanelWithCells(Frame.java:47)
	at com.extremettt.gui.Frame.<init>(Frame.java:25)
	at com.extremettt.logic.TwoPlayerGame.<init>(TwoPlayerGame.java:23)
	at com.extremettt.gui.MyMouseListener.<init>(MyMouseListener.java:20)
	at com.extremettt.gui.Cell.<init>(Cell.java:22)
	at com.extremettt.gui.Frame.newPanelWithCells(Frame.java:47)
	at com.extremettt.gui.Frame.<init>(Frame.java:25)
	at com.extremettt.logic.TwoPlayerGame.<init>(TwoPlayerGame.java:23)
	at com.extremettt.gui.MyMouseListener.<init>(MyMouseListener.java:20)
	at com.extremettt.gui.Cell.<init>(Cell.java:22)
	at com.extremettt.gui.Frame.newPanelWithCells(Frame.java:47)
	at com.extremettt.gui.Frame.<init>(Frame.java:25)
	at com.extremettt.logic.TwoPlayerGame.<init>(TwoPlayerGame.java:23)
	at com.extremettt.gui.MyMouseListener.<init>(MyMouseListener.java:20)
	at com.extremettt.gui.Cell.<init>(Cell.java:22)
	at com.extremettt.gui.Frame.newPanelWithCells(Frame.java:47)
	at com.extremettt.gui.Frame.<init>(Frame.java:25)
	at com.extremettt.logic.TwoPlayerGame.<init>(TwoPlayerGame.java:23)
	at com.extremettt.gui.MyMouseListener.<init>(MyMouseListener.java:20)
	at com.extremettt.gui.Cell.<init>(Cell.java:22)
	at com.extremettt.gui.Frame.newPanelWithCells(Frame.java:47)
	at com.extremettt.gui.Frame.<init>(Frame.java:25)
	at com.extremettt.logic.TwoPlayerGame.<init>(TwoPlayerGame.java:23)
	at com.extremettt.gui.MyMouseListener.<init>(MyMouseListener.java:20)
	at com.extremettt.gui.Cell.<init>(Cell.java:22)
	at com.extremettt.gui.Frame.newPanelWithCells(Frame.java:47)
	at com.extremettt.gui.Frame.<init>(Frame.java:25)
	at com.extremettt.logic.TwoPlayerGame.<init>(TwoPlayerGame.java:23)
	at com.extremettt.gui.MyMouseListener.<init>(MyMouseListener.java:20)
	at com.extremettt.gui.Cell.<init>(Cell.java:22)
	at com.extremettt.gui.Frame.newPanelWithCells(Frame.java:47)
	at com.extremettt.gui.Frame.<init>(Frame.java:25)
	at com.extremettt.logic.TwoPlayerGame.<init>(TwoPlayerGame.java:23)
	at com.extremettt.gui.MyMouseListener.<init>(MyMouseListener.java:20)
	at com.extremettt.gui.Cell.<init>(Cell.java:22)
	at com.extremettt.gui.Frame.newPanelWithCells(Frame.java:47)
	at com.extremettt.gui.Frame.<init>(Frame.java:25)
	at com.extremettt.logic.TwoPlayerGame.<init>(TwoPlayerGame.java:23)
	at com.extremettt.gui.MyMouseListener.<init>(MyMouseListener.java:20)
	at com.extremettt.gui.Cell.<init>(Cell.java:22)
	at com.extremettt.gui.Frame.newPanelWithCells(Frame.java:47)
	at com.extremettt.gui.Frame.<init>(Frame.java:25)
	at com.extremettt.logic.TwoPlayerGame.<init>(TwoPlayerGame.java:23)
	at com.extremettt.gui.MyMouseListener.<init>(MyMouseListener.java:20)
	at com.extremettt.gui.Cell.<init>(Cell.java:22)
	at com.extremettt.gui.Frame.newPanelWithCells(Frame.java:47)
	at com.extremettt.gui.Frame.<init>(Frame.java:25)
	at com.extremettt.logic.TwoPlayerGame.<init>(TwoPlayerGame.java:23)
	at com.extremettt.gui.MyMouseListener.<init>(MyMouseListener.java:20)
	at com.extremettt.gui.Cell.<init>(Cell.java:22)
	at com.extremettt.gui.Frame.newPanelWithCells(Frame.java:47)
	at com.extremettt.gui.Frame.<init>(Frame.java:25)
	at com.extremettt.logic.TwoPlayerGame.<init>(TwoPlayerGame.java:23)
	at com.extremettt.gui.MyMouseListener.<init>(MyMouseListener.java:20)
	at com.extremettt.gui.Cell.<init>(Cell.java:22)
	at com.extremettt.gui.Frame.newPanelWithCells(Frame.java:47)
	at com.extremettt.gui.Frame.<init>(Frame.java:25)
	at com.extremettt.logic.TwoPlayerGame.<init>(TwoPlayerGame.java:23)
	at com.extremettt.gui.MyMouseListener.<init>(MyMouseListener.java:20)
	at com.extremettt.gui.Cell.<init>(Cell.java:22)
	at com.extremettt.gui.Frame.newPanelWithCells(Frame.java:47)
	at com.extremettt.gui.Frame.<init>(Frame.java:25)
	at com.extremettt.logic.TwoPlayerGame.<init>(TwoPlayerGame.java:23)
	at com.extremettt.gui.MyMouseListener.<init>(MyMouseListener.java:20)
	at com.extremettt.gui.Cell.<init>(Cell.java:22)
	at com.extremettt.gui.Frame.newPanelWithCells(Frame.java:47)
	at com.extremettt.gui.Frame.<init>(Frame.java:25)
	at com.extremettt.logic.TwoPlayerGame.<init>(TwoPlayerGame.java:23)
	at com.extremettt.gui.MyMouseListener.<init>(MyMouseListener.java:20)
	at com.extremettt.gui.Cell.<init>(Cell.java:22)
	at com.extremettt.gui.Frame.newPanelWithCells(Frame.java:47)
	at com.extremettt.gui.Frame.<init>(Frame.java:25)
	at com.extremettt.logic.TwoPlayerGame.<init>(TwoPlayerGame.java:23)
	at com.extremettt.gui.MyMouseListener.<init>(MyMouseListener.java:20)
	at com.extremettt.gui.Cell.<init>(Cell.java:22)
	at com.extremettt.gui.Frame.newPanelWithCells(Frame.java:47)
	at com.extremettt.gui.Frame.<init>(Frame.java:25)
	at com.extremettt.logic.TwoPlayerGame.<init>(TwoPlayerGame.java:23)
	at com.extremettt.gui.MyMouseListener.<init>(MyMouseListener.java:20)
	at com.extremettt.gui.Cell.<init>(Cell.java:22)
	at com.extremettt.gui.Frame.newPanelWithCells(Frame.java:47)
	at com.extremettt.gui.Frame.<init>(Frame.java:25)
	at com.extremettt.logic.TwoPlayerGame.<init>(TwoPlayerGame.java:23)
	at com.extremettt.gui.MyMouseListener.<init>(MyMouseListener.java:20)
	at com.extremettt.gui.Cell.<init>(Cell.java:22)
	at com.extremettt.gui.Frame.newPanelWithCells(Frame.java:47)
	at com.extremettt.gui.Frame.<init>(Frame.java:25)
	at com.extremettt.logic.TwoPlayerGame.<init>(TwoPlayerGame.java:23)
	at com.extremettt.gui.MyMouseListener.<init>(MyMouseListener.java:20)
	at com.extremettt.gui.Cell.<init>(Cell.java:22)
	at com.extremettt.gui.Frame.newPanelWithCells(Frame.java:47)
	at com.extremettt.gui.Frame.<init>(Frame.java:25)
	at com.extremettt.logic.TwoPlayerGame.<init>(TwoPlayerGame.java:23)
	at com.extremettt.gui.MyMouseListener.<init>(MyMouseListener.java:20)
	at com.extremettt.gui.Cell.<init>(Cell.java:22)
	at com.extremettt.gui.Frame.newPanelWithCells(Frame.java:47)
	at com.extremettt.gui.Frame.<init>(Frame.java:25)
	at com.extremettt.logic.TwoPlayerGame.<init>(TwoPlayerGame.java:23)
	at com.extremettt.gui.MyMouseListener.<init>(MyMouseListener.java:20)
	at com.extremettt.gui.Cell.<init>(Cell.java:22)
	at com.extremettt.gui.Frame.newPanelWithCells(Frame.java:47)
	at com.extremettt.gui.Frame.<init>(Frame.java:25)
	at com.extremettt.logic.TwoPlayerGame.<init>(TwoPlayerGame.java:23)
	at com.extremettt.gui.MyMouseListener.<init>(MyMouseListener.java:20)
	at com.extremettt.gui.Cell.<init>(Cell.java:22)
	at com.extremettt.gui.Frame.newPanelWithCells(Frame.java:47)
	at com.extremettt.gui.Frame.<init>(Frame.java:25)
	at com.extremettt.logic.TwoPlayerGame.<init>(TwoPlayerGame.java:23)
	at com.extremettt.gui.MyMouseListener.<init>(MyMouseListener.java:20)
	at com.extremettt.gui.Cell.<init>(Cell.java:22)
	at com.extremettt.gui.Frame.newPanelWithCells(Frame.java:47)
	at com.extremettt.gui.Frame.<init>(Frame.java:25)
	at com.extremettt.logic.TwoPlayerGame.<init>(TwoPlayerGame.java:23)
	at com.extremettt.gui.MyMouseListener.<init>(MyMouseListener.java:20)
	at com.extremettt.gui.Cell.<init>(Cell.java:22)
	at com.extremettt.gui.Frame.newPanelWithCells(Frame.java:47)
	at com.extremettt.gui.Frame.<init>(Frame.java:25)
	at com.extremettt.logic.TwoPlayerGame.<init>(TwoPlayerGame.java:23)
	at com.extremettt.gui.MyMouseListener.<init>(MyMouseListener.java:20)
	at com.extremettt.gui.Cell.<init>(Cell.java:22)
	at com.extremettt.gui.Frame.newPanelWithCells(Frame.java:47)
	at com.extremettt.gui.Frame.<init>(Frame.java:25)
	at com.extremettt.logic.TwoPlayerGame.<init>(TwoPlayerGame.java:23)
	at com.extremettt.gui.MyMouseListener.<init>(MyMouseListener.java:20)
	at com.extremettt.gui.Cell.<init>(Cell.java:22)
	at com.extremettt.gui.Frame.newPanelWithCells(Frame.java:47)
	at com.extremettt.gui.Frame.<init>(Frame.java:25)
	at com.extremettt.logic.TwoPlayerGame.<init>(TwoPlayerGame.java:23)
	at com.extremettt.gui.MyMouseListener.<init>(MyMouseListener.java:20)
	at com.extremettt.gui.Cell.<init>(Cell.java:22)
	at com.extremettt.gui.Frame.newPanelWithCells(Frame.java:47)
	at com.extremettt.gui.Frame.<init>(Frame.java:25)
	at com.extremettt.logic.TwoPlayerGame.<init>(TwoPlayerGame.java:23)
	at com.extremettt.gui.MyMouseListener.<init>(MyMouseListener.java:20)
	at com.extremettt.gui.Cell.<init>(Cell.java:22)
	at com.extremettt.gui.Frame.newPanelWithCells(Frame.java:47)
	at com.extremettt.gui.Frame.<init>(Frame.java:25)
	at com.extremettt.logic.TwoPlayerGame.<init>(TwoPlayerGame.java:23)
	at com.extremettt.gui.MyMouseListener.<init>(MyMouseListener.java:20)
	at com.extremettt.gui.Cell.<init>(Cell.java:22)
	at com.extremettt.gui.Frame.newPanelWithCells(Frame.java:47)
	at com.extremettt.gui.Frame.<init>(Frame.java:25)
	at com.extremettt.logic.TwoPlayerGame.<init>(TwoPlayerGame.java:23)
	at com.extremettt.gui.MyMouseListener.<init>(MyMouseListener.java:20)
	at com.extremettt.gui.Cell.<init>(Cell.java:22)
	at com.extremettt.gui.Frame.newPanelWithCells(Frame.java:47)
	at com.extremettt.gui.Frame.<init>(Frame.java:25)
	at com.extremettt.logic.TwoPlayerGame.<init>(TwoPlayerGame.java:23)
	at com.extremettt.gui.MyMouseListener.<init>(MyMouseListener.java:20)
	at com.extremettt.gui.Cell.<init>(Cell.java:22)
	at com.extremettt.gui.Frame.newPanelWithCells(Frame.java:47)
	at com.extremettt.gui.Frame.<init>(Frame.java:25)
	at com.extremettt.logic.TwoPlayerGame.<init>(TwoPlayerGame.java:23)
	at com.extremettt.gui.MyMouseListener.<init>(MyMouseListener.java:20)
	at com.extremettt.gui.Cell.<init>(Cell.java:22)
	at com.extremettt.gui.Frame.newPanelWithCells(Frame.java:47)
	at com.extremettt.gui.Frame.<init>(Frame.java:25)
	at com.extremettt.logic.TwoPlayerGame.<init>(TwoPlayerGame.java:23)
	at com.extremettt.gui.MyMouseListener.<init>(MyMouseListener.java:20)
	at com.extremettt.gui.Cell.<init>(Cell.java:22)
	at com.extremettt.gui.Frame.newPanelWithCells(Frame.java:47)
	at com.extremettt.gui.Frame.<init>(Frame.java:25)
	at com.extremettt.logic.TwoPlayerGame.<init>(TwoPlayerGame.java:23)
	at com.extremettt.gui.MyMouseListener.<init>(MyMouseListener.java:20)
	at com.extremettt.gui.Cell.<init>(Cell.java:22)
	at com.extremettt.gui.Frame.newPanelWithCells(Frame.java:47)
	at com.extremettt.gui.Frame.<init>(Frame.java:25)
	at com.extremettt.logic.TwoPlayerGame.<init>(TwoPlayerGame.java:23)
	at com.extremettt.gui.MyMouseListener.<init>(MyMouseListener.java:20)
	at com.extremettt.gui.Cell.<init>(Cell.java:22)
	at com.extremettt.gui.Frame.newPanelWithCells(Frame.java:47)
	at com.extremettt.gui.Frame.<init>(Frame.java:25)
	at com.extremettt.logic.TwoPlayerGame.<init>(TwoPlayerGame.java:23)
	at com.extremettt.gui.MyMouseListener.<init>(MyMouseListener.java:20)
	at com.extremettt.gui.Cell.<init>(Cell.java:22)
	at com.extremettt.gui.Frame.newPanelWithCells(Frame.java:47)
	at com.extremettt.gui.Frame.<init>(Frame.java:25)
	at com.extremettt.logic.TwoPlayerGame.<init>(TwoPlayerGame.java:23)
	at com.extremettt.gui.MyMouseListener.<init>(MyMouseListener.java:20)
	at com.extremettt.gui.Cell.<init>(Cell.java:22)
	at com.extremettt.gui.Frame.newPanelWithCells(Frame.java:47)
	at com.extremettt.gui.Frame.<init>(Frame.java:25)
	at com.extremettt.logic.TwoPlayerGame.<init>(TwoPlayerGame.java:23)
	at com.extremettt.gui.MyMouseListener.<init>(MyMouseListener.java:20)
	at com.extremettt.gui.Cell.<init>(Cell.java:22)
	at com.extremettt.gui.Frame.newPanelWithCells(Frame.java:47)
	at com.extremettt.gui.Frame.<init>(Frame.java:25)
	at com.extremettt.logic.TwoPlayerGame.<init>(TwoPlayerGame.java:23)
	at com.extremettt.gui.MyMouseListener.<init>(MyMouseListener.java:20)
	at com.extremettt.gui.Cell.<init>(Cell.java:22)
	at com.extremettt.gui.Frame.newPanelWithCells(Frame.java:47)
	at com.extremettt.gui.Frame.<init>(Frame.java:25)
	at com.extremettt.logic.TwoPlayerGame.<init>(TwoPlayerGame.java:23)
	at com.extremettt.gui.MyMouseListener.<init>(MyMouseListener.java:20)
	at com.extremettt.gui.Cell.<init>(Cell.java:22)
	at com.extremettt.gui.Frame.newPanelWithCells(Frame.java:47)
	at com.extremettt.gui.Frame.<init>(Frame.java:25)
	at com.extremettt.logic.TwoPlayerGame.<init>(TwoPlayerGame.java:23)
	at com.extremettt.gui.MyMouseListener.<init>(MyMouseListener.java:20)
	at com.extremettt.gui.Cell.<init>(Cell.java:22)
	at com.extremettt.gui.Frame.newPanelWithCells(Frame.java:47)
	at com.extremettt.gui.Frame.<init>(Frame.java:25)
	at com.extremettt.logic.TwoPlayerGame.<init>(TwoPlayerGame.java:23)
	at com.extremettt.gui.MyMouseListener.<init>(MyMouseListener.java:20)
	at com.extremettt.gui.Cell.<init>(Cell.java:22)
	at com.extremettt.gui.Frame.newPanelWithCells(Frame.java:47)
	at com.extremettt.gui.Frame.<init>(Frame.java:25)
	at com.extremettt.logic.TwoPlayerGame.<init>(TwoPlayerGame.java:23)
	at com.extremettt.gui.MyMouseListener.<init>(MyMouseListener.java:20)
	at com.extremettt.gui.Cell.<init>(Cell.java:22)
	at com.extremettt.gui.Frame.newPanelWithCells(Frame.java:47)
	at com.extremettt.gui.Frame.<init>(Frame.java:25)
	at com.extremettt.logic.TwoPlayerGame.<init>(TwoPlayerGame.java:23)
	at com.extremettt.gui.MyMouseListener.<init>(MyMouseListener.java:20)
	at com.extremettt.gui.Cell.<init>(Cell.java:22)
	at com.extremettt.gui.Frame.newPanelWithCells(Frame.java:47)
	at com.extremettt.gui.Frame.<init>(Frame.java:25)
	at com.extremettt.logic.TwoPlayerGame.<init>(TwoPlayerGame.java:23)
	at com.extremettt.gui.MyMouseListener.<init>(MyMouseListener.java:20)
	at com.extremettt.gui.Cell.<init>(Cell.java:22)
	at com.extremettt.gui.Frame.newPanelWithCells(Frame.java:47)
	at com.extremettt.gui.Frame.<init>(Frame.java:25)
	at com.extremettt.logic.TwoPlayerGame.<init>(TwoPlayerGame.java:23)
	at com.extremettt.gui.MyMouseListener.<init>(MyMouseListener.java:20)
	at com.extremettt.gui.Cell.<init>(Cell.java:22)
	at com.extremettt.gui.Frame.newPanelWithCells(Frame.java:47)
	at com.extremettt.gui.Frame.<init>(Frame.java:25)
	at com.extremettt.logic.TwoPlayerGame.<init>(TwoPlayerGame.java:23)
	at com.extremettt.gui.MyMouseListener.<init>(MyMouseListener.java:20)
	at com.extremettt.gui.Cell.<init>(Cell.java:22)
	at com.extremettt.gui.Frame.newPanelWithCells(Frame.java:47)
	at com.extremettt.gui.Frame.<init>(Frame.java:25)
	at com.extremettt.logic.TwoPlayerGame.<init>(TwoPlayerGame.java:23)
	at com.extremettt.gui.MyMouseListener.<init>(MyMouseListener.java:20)
	at com.extremettt.gui.Cell.<init>(Cell.java:22)
	at com.extremettt.gui.Frame.newPanelWithCells(Frame.java:47)
	at com.extremettt.gui.Frame.<init>(Frame.java:25)
	at com.extremettt.logic.TwoPlayerGame.<init>(TwoPlayerGame.java:23)
	at com.extremettt.gui.MyMouseListener.<init>(MyMouseListener.java:20)
	at com.extremettt.gui.Cell.<init>(Cell.java:22)
	at com.extremettt.gui.Frame.newPanelWithCells(Frame.java:47)
	at com.extremettt.gui.Frame.<init>(Frame.java:25)
	at com.extremettt.logic.TwoPlayerGame.<init>(TwoPlayerGame.java:23)
	at com.extremettt.gui.MyMouseListener.<init>(MyMouseListener.java:20)
	at com.extremettt.gui.Cell.<init>(Cell.java:22)
	at com.extremettt.gui.Frame.newPanelWithCells(Frame.java:47)
	at com.extremettt.gui.Frame.<init>(Frame.java:25)
	at com.extremettt.logic.TwoPlayerGame.<init>(TwoPlayerGame.java:23)
	at com.extremettt.gui.MyMouseListener.<init>(MyMouseListener.java:20)
	at com.extremettt.gui.Cell.<init>(Cell.java:22)
	at com.extremettt.gui.Frame.newPanelWithCells(Frame.java:47)
	at com.extremettt.gui.Frame.<init>(Frame.java:25)
	at com.extremettt.logic.TwoPlayerGame.<init>(TwoPlayerGame.java:23)
	at com.extremettt.gui.MyMouseListener.<init>(MyMouseListener.java:20)
	at com.extremettt.gui.Cell.<init>(Cell.java:22)
	at com.extremettt.gui.Frame.newPanelWithCells(Frame.java:47)
	at com.extremettt.gui.Frame.<init>(Frame.java:25)
	at com.extremettt.logic.TwoPlayerGame.<init>(TwoPlayerGame.java:23)
	at com.extremettt.gui.MyMouseListener.<init>(MyMouseListener.java:20)
	at com.extremettt.gui.Cell.<init>(Cell.java:22)
	at com.extremettt.gui.Frame.newPanelWithCells(Frame.java:47)
	at com.extremettt.gui.Frame.<init>(Frame.java:25)
	at com.extremettt.logic.TwoPlayerGame.<init>(TwoPlayerGame.java:23)
	at com.extremettt.gui.MyMouseListener.<init>(MyMouseListener.java:20)
	at com.extremettt.gui.Cell.<init>(Cell.java:22)
	at com.extremettt.gui.Frame.newPanelWithCells(Frame.java:47)
	at com.extremettt.gui.Frame.<init>(Frame.java:25)
	at com.extremettt.logic.TwoPlayerGame.<init>(TwoPlayerGame.java:23)
	at com.extremettt.gui.MyMouseListener.<init>(MyMouseListener.java:20)
	at com.extremettt.gui.Cell.<init>(Cell.java:22)
	at com.extremettt.gui.Frame.newPanelWithCells(Frame.java:47)
	at com.extremettt.gui.Frame.<init>(Frame.java:25)
	at com.extremettt.logic.TwoPlayerGame.<init>(TwoPlayerGame.java:23)
	at com.extremettt.gui.MyMouseListener.<init>(MyMouseListener.java:20)
	at com.extremettt.gui.Cell.<init>(Cell.java:22)
	at com.extremettt.gui.Frame.newPanelWithCells(Frame.java:47)
	at com.extremettt.gui.Frame.<init>(Frame.java:25)
	at com.extremettt.logic.TwoPlayerGame.<init>(TwoPlayerGame.java:23)
	at com.extremettt.gui.MyMouseListener.<init>(MyMouseListener.java:20)
	at com.extremettt.gui.Cell.<init>(Cell.java:22)
	at com.extremettt.gui.Frame.newPanelWithCells(Frame.java:47)
	at com.extremettt.gui.Frame.<init>(Frame.java:25)
	at com.extremettt.logic.TwoPlayerGame.<init>(TwoPlayerGame.java:23)
	at com.extremettt.gui.MyMouseListener.<init>(MyMouseListener.java:20)
	at com.extremettt.gui.Cell.<init>(Cell.java:22)
	at com.extremettt.gui.Frame.newPanelWithCells(Frame.java:47)
	at com.extremettt.gui.Frame.<init>(Frame.java:25)
	at com.extremettt.logic.TwoPlayerGame.<init>(TwoPlayerGame.java:23)
	at com.extremettt.gui.MyMouseListener.<init>(MyMouseListener.java:20)
	at com.extremettt.gui.Cell.<init>(Cell.java:22)
	at com.extremettt.gui.Frame.newPanelWithCells(Frame.java:47)
	at com.extremettt.gui.Frame.<init>(Frame.java:25)
	at com.extremettt.logic.TwoPlayerGame.<init>(TwoPlayerGame.java:23)
	at com.extremettt.gui.MyMouseListener.<init>(MyMouseListener.java:20)
	at com.extremettt.gui.Cell.<init>(Cell.java:22)
	at com.extremettt.gui.Frame.newPanelWithCells(Frame.java:47)
	at com.extremettt.gui.Frame.<init>(Frame.java:25)
	at com.extremettt.logic.TwoPlayerGame.<init>(TwoPlayerGame.java:23)
	at com.extremettt.gui.MyMouseListener.<init>(MyMouseListener.java:20)
	at com.extremettt.gui.Cell.<init>(Cell.java:22)
	at com.extremettt.gui.Frame.newPanelWithCells(Frame.java:47)
	at com.extremettt.gui.Frame.<init>(Frame.java:25)
	at com.extremettt.logic.TwoPlayerGame.<init>(TwoPlayerGame.java:23)
	at com.extremettt.gui.MyMouseListener.<init>(MyMouseListener.java:20)
	at com.extremettt.gui.Cell.<init>(Cell.java:22)
	at com.extremettt.gui.Frame.newPanelWithCells(Frame.java:47)
	at com.extremettt.gui.Frame.<init>(Frame.java:25)
	at com.extremettt.logic.TwoPlayerGame.<init>(TwoPlayerGame.java:23)
	at com.extremettt.gui.MyMouseListener.<init>(MyMouseListener.java:20)
	at com.extremettt.gui.Cell.<init>(Cell.java:22)
	at com.extremettt.gui.Frame.newPanelWithCells(Frame.java:47)
	at com.extremettt.gui.Frame.<init>(Frame.java:25)
	at com.extremettt.logic.TwoPlayerGame.<init>(TwoPlayerGame.java:23)
	at com.extremettt.gui.MyMouseListener.<init>(MyMouseListener.java:20)
	at com.extremettt.gui.Cell.<init>(Cell.java:22)
	at com.extremettt.gui.Frame.newPanelWithCells(Frame.java:47)
	at com.extremettt.gui.Frame.<init>(Frame.java:25)
	at com.extremettt.logic.TwoPlayerGame.<init>(TwoPlayerGame.java:23)
	at com.extremettt.gui.MyMouseListener.<init>(MyMouseListener.java:20)
	at com.extremettt.gui.Cell.<init>(Cell.java:22)
	at com.extremettt.gui.Frame.newPanelWithCells(Frame.java:47)
	at com.extremettt.gui.Frame.<init>(Frame.java:25)
	at com.extremettt.logic.TwoPlayerGame.<init>(TwoPlayerGame.java:23)
	at com.extremettt.gui.MyMouseListener.<init>(MyMouseListener.java:20)
	at com.extremettt.gui.Cell.<init>(Cell.java:22)
	at com.extremettt.gui.Frame.newPanelWithCells(Frame.java:47)
	at com.extremettt.gui.Frame.<init>(Frame.java:25)
	at com.extremettt.logic.TwoPlayerGame.<init>(TwoPlayerGame.java:23)
	at com.extremettt.gui.MyMouseListener.<init>(MyMouseListener.java:20)
	at com.extremettt.gui.Cell.<init>(Cell.java:22)
	at com.extremettt.gui.Frame.newPanelWithCells(Frame.java:47)
	at com.extremettt.gui.Frame.<init>(Frame.java:25)
	at com.extremettt.logic.TwoPlayerGame.<init>(TwoPlayerGame.java:23)
	at com.extremettt.gui.MyMouseListener.<init>(MyMouseListener.java:20)
	at com.extremettt.gui.Cell.<init>(Cell.java:22)
	at com.extremettt.gui.Frame.newPanelWithCells(Frame.java:47)
	at com.extremettt.gui.Frame.<init>(Frame.java:25)
	at com.extremettt.logic.TwoPlayerGame.<init>(TwoPlayerGame.java:23)
	at com.extremettt.gui.MyMouseListener.<init>(MyMouseListener.java:20)
	at com.extremettt.gui.Cell.<init>(Cell.java:22)
	at com.extremettt.gui.Frame.newPanelWithCells(Frame.java:47)
	at com.extremettt.gui.Frame.<init>(Frame.java:25)
	at com.extremettt.logic.TwoPlayerGame.<init>(TwoPlayerGame.java:23)
	at com.extremettt.gui.MyMouseListener.<init>(MyMouseListener.java:20)
	at com.extremettt.gui.Cell.<init>(Cell.java:22)
	at com.extremettt.gui.Frame.newPanelWithCells(Frame.java:47)
	at com.extremettt.gui.Frame.<init>(Frame.java:25)
	at com.extremettt.logic.TwoPlayerGame.<init>(TwoPlayerGame.java:23)
	at com.extremettt.gui.MyMouseListener.<init>(MyMouseListener.java:20)
	at com.extremettt.gui.Cell.<init>(Cell.java:22)
	at com.extremettt.gui.Frame.newPanelWithCells(Frame.java:47)
	at com.extremettt.gui.Frame.<init>(Frame.java:25)
	at com.extremettt.logic.TwoPlayerGame.<init>(TwoPlayerGame.java:23)
	at com.extremettt.gui.MyMouseListener.<init>(MyMouseListener.java:20)
	at com.extremettt.gui.Cell.<init>(Cell.java:22)
	at com.extremettt.gui.Frame.newPanelWithCells(Frame.java:47)
	at com.extremettt.gui.Frame.<init>(Frame.java:25)
	at com.extremettt.logic.TwoPlayerGame.<init>(TwoPlayerGame.java:23)
	at com.extremettt.gui.MyMouseListener.<init>(MyMouseListener.java:20)
	at com.extremettt.gui.Cell.<init>(Cell.java:22)
	at com.extremettt.gui.Frame.newPanelWithCells(Frame.java:47)
	at com.extremettt.gui.Frame.<init>(Frame.java:25)
	at com.extremettt.logic.TwoPlayerGame.<init>(TwoPlayerGame.java:23)
	at com.extremettt.gui.MyMouseListener.<init>(MyMouseListener.java:20)
	at com.extremettt.gui.Cell.<init>(Cell.java:22)
	at com.extremettt.gui.Frame.newPanelWithCells(Frame.java:47)
	at com.extremettt.gui.Frame.<init>(Frame.java:25)
	at com.extremettt.logic.TwoPlayerGame.<init>(TwoPlayerGame.java:23)
	at com.extremettt.gui.MyMouseListener.<init>(MyMouseListener.java:20)
	at com.extremettt.gui.Cell.<init>(Cell.java:22)
	at com.extremettt.gui.Frame.newPanelWithCells(Frame.java:47)
	at com.extremettt.gui.Frame.<init>(Frame.java:25)
	at com.extremettt.logic.TwoPlayerGame.<init>(TwoPlayerGame.java:23)
	at com.extremettt.gui.MyMouseListener.<init>(MyMouseListener.java:20)
	at com.extremettt.gui.Cell.<init>(Cell.java:22)
	at com.extremettt.gui.Frame.newPanelWithCells(Frame.java:47)
	at com.extremettt.gui.Frame.<init>(Frame.java:25)
	at com.extremettt.logic.TwoPlayerGame.<init>(TwoPlayerGame.java:23)
	at com.extremettt.gui.MyMouseListener.<init>(MyMouseListener.java:20)
	at com.extremettt.gui.Cell.<init>(Cell.java:22)
	at com.extremettt.gui.Frame.newPanelWithCells(Frame.java:47)
	at com.extremettt.gui.Frame.<init>(Frame.java:25)
	at com.extremettt.logic.TwoPlayerGame.<init>(TwoPlayerGame.java:23)
	at com.extremettt.gui.MyMouseListener.<init>(MyMouseListener.java:20)
	at com.extremettt.gui.Cell.<init>(Cell.java:22)
	at com.extremettt.gui.Frame.newPanelWithCells(Frame.java:47)
	at com.extremettt.gui.Frame.<init>(Frame.java:25)
	at com.extremettt.logic.TwoPlayerGame.<init>(TwoPlayerGame.java:23)
	at com.extremettt.gui.MyMouseListener.<init>(MyMouseListener.java:20)
	at com.extremettt.gui.Cell.<init>(Cell.java:22)
	at com.extremettt.gui.Frame.newPanelWithCells(Frame.java:47)
	at com.extremettt.gui.Frame.<init>(Frame.java:25)
	at com.extremettt.logic.TwoPlayerGame.<init>(TwoPlayerGame.java:23)
	at com.extremettt.gui.MyMouseListener.<init>(MyMouseListener.java:20)
	at com.extremettt.gui.Cell.<init>(Cell.java:22)
	at com.extremettt.gui.Frame.newPanelWithCells(Frame.java:47)
	at com.extremettt.gui.Frame.<init>(Frame.java:25)
	at com.extremettt.logic.TwoPlayerGame.<init>(TwoPlayerGame.java:23)
	at com.extremettt.gui.MyMouseListener.<init>(MyMouseListener.java:20)
	at com.extremettt.gui.Cell.<init>(Cell.java:22)
	at com.extremettt.gui.Frame.newPanelWithCells(Frame.java:47)
	at com.extremettt.gui.Frame.<init>(Frame.java:25)
	at com.extremettt.logic.TwoPlayerGame.<init>(TwoPlayerGame.java:23)
	at com.extremettt.gui.MyMouseListener.<init>(MyMouseListener.java:20)
	at com.extremettt.gui.Cell.<init>(Cell.java:22)
	at com.extremettt.gui.Frame.newPanelWithCells(Frame.java:47)
	at com.extremettt.gui.Frame.<init>(Frame.java:25)
	at com.extremettt.logic.TwoPlayerGame.<init>(TwoPlayerGame.java:23)
	at com.extremettt.gui.MyMouseListener.<init>(MyMouseListener.java:20)
	at com.extremettt.gui.Cell.<init>(Cell.java:22)
	at com.extremettt.gui.Frame.newPanelWithCells(Frame.java:47)
	at com.extremettt.gui.Frame.<init>(Frame.java:25)
	at com.extremettt.logic.TwoPlayerGame.<init>(TwoPlayerGame.java:23)
	at com.extremettt.gui.MyMouseListener.<init>(MyMouseListener.java:20)
	at com.extremettt.gui.Cell.<init>(Cell.java:22)
	at com.extremettt.gui.Frame.newPanelWithCells(Frame.java:47)
	at com.extremettt.gui.Frame.<init>(Frame.java:25)
	at com.extremettt.logic.TwoPlayerGame.<init>(TwoPlayerGame.java:23)
	at com.extremettt.gui.MyMouseListener.<init>(MyMouseListener.java:20)
	at com.extremettt.gui.Cell.<init>(Cell.java:22)
	at com.extremettt.gui.Frame.newPanelWithCells(Frame.java:47)
	at com.extremettt.gui.Frame.<init>(Frame.java:25)
	at com.extremettt.logic.TwoPlayerGame.<init>(TwoPlayerGame.java:23)
	at com.extremettt.gui.MyMouseListener.<init>(MyMouseListener.java:20)
	at com.extremettt.gui.Cell.<init>(Cell.java:22)
	at com.extremettt.gui.Frame.newPanelWithCells(Frame.java:47)
	at com.extremettt.gui.Frame.<init>(Frame.java:25)
	at com.extremettt.logic.TwoPlayerGame.<init>(TwoPlayerGame.java:23)
	at com.extremettt.gui.MyMouseListener.<init>(MyMouseListener.java:20)
	at com.extremettt.gui.Cell.<init>(Cell.java:22)
	at com.extremettt.gui.Frame.newPanelWithCells(Frame.java:47)
	at com.extremettt.gui.Frame.<init>(Frame.java:25)
	at com.extremettt.logic.TwoPlayerGame.<init>(TwoPlayerGame.java:23)
	at com.extremettt.gui.MyMouseListener.<init>(MyMouseListener.java:20)
	at com.extremettt.gui.Cell.<init>(Cell.java:22)
	at com.extremettt.gui.Frame.newPanelWithCells(Frame.java:47)
	at com.extremettt.gui.Frame.<init>(Frame.java:25)
	at com.extremettt.logic.TwoPlayerGame.<init>(TwoPlayerGame.java:23)
	at com.extremettt.gui.MyMouseListener.<init>(MyMouseListener.java:20)
	at com.extremettt.gui.Cell.<init>(Cell.java:22)
	at com.extremettt.gui.Frame.newPanelWithCells(Frame.java:47)
	at com.extremettt.gui.Frame.<init>(Frame.java:25)
	at com.extremettt.logic.TwoPlayerGame.<init>(TwoPlayerGame.java:23)
	at com.extremettt.gui.MyMouseListener.<init>(MyMouseListener.java:20)
	at com.extremettt.gui.Cell.<init>(Cell.java:22)
	at com.extremettt.gui.Frame.newPanelWithCells(Frame.java:47)
	at com.extremettt.gui.Frame.<init>(Frame.java:25)
	at com.extremettt.logic.TwoPlayerGame.<init>(TwoPlayerGame.java:23)
	at com.extremettt.gui.MyMouseListener.<init>(MyMouseListener.java:20)
	at com.extremettt.gui.Cell.<init>(Cell.java:22)
	at com.extremettt.gui.Frame.newPanelWithCells(Frame.java:47)
	at com.extremettt.gui.Frame.<init>(Frame.java:25)
	at com.extremettt.logic.TwoPlayerGame.<init>(TwoPlayerGame.java:23)
	at com.extremettt.gui.MyMouseListener.<init>(MyMouseListener.java:20)
	at com.extremettt.gui.Cell.<init>(Cell.java:22)
	at com.extremettt.gui.Frame.newPanelWithCells(Frame.java:47)
	at com.extremettt.gui.Frame.<init>(Frame.java:25)
	at com.extremettt.logic.TwoPlayerGame.<init>(TwoPlayerGame.java:23)
	at com.extremettt.gui.MyMouseListener.<init>(MyMouseListener.java:20)
	at com.extremettt.gui.Cell.<init>(Cell.java:22)
	at com.extremettt.gui.Frame.newPanelWithCells(Frame.java:47)
	at com.extremettt.gui.Frame.<init>(Frame.java:25)
	at com.extremettt.logic.TwoPlayerGame.<init>(TwoPlayerGame.java:23)
	at com.extremettt.gui.MyMouseListener.<init>(MyMouseListener.java:20)
	at com.extremettt.gui.Cell.<init>(Cell.java:22)
	at com.extremettt.gui.Frame.newPanelWithCells(Frame.java:47)
	at com.extremettt.gui.Frame.<init>(Frame.java:25)
	at com.extremettt.logic.TwoPlayerGame.<init>(TwoPlayerGame.java:23)
	at com.extremettt.gui.MyMouseListener.<init>(MyMouseListener.java:20)
	at com.extremettt.gui.Cell.<init>(Cell.java:22)
	at com.extremettt.gui.Frame.newPanelWithCells(Frame.java:47)
	at com.extremettt.gui.Frame.<init>(Frame.java:25)
	at com.extremettt.logic.TwoPlayerGame.<init>(TwoPlayerGame.java:23)
	at com.extremettt.gui.MyMouseListener.<init>(MyMouseListener.java:20)
	at com.extremettt.gui.Cell.<init>(Cell.java:22)
	at com.extremettt.gui.Frame.newPanelWithCells(Frame.java:47)
	at com.extremettt.gui.Frame.<init>(Frame.java:25)
	at com.extremettt.logic.TwoPlayerGame.<init>(TwoPlayerGame.java:23)
	at com.extremettt.gui.MyMouseListener.<init>(MyMouseListener.java:20)
	at com.extremettt.gui.Cell.<init>(Cell.java:22)
	at com.extremettt.gui.Frame.newPanelWithCells(Frame.java:47)
	at com.extremettt.gui.Frame.<init>(Frame.java:25)
	at com.extremettt.logic.TwoPlayerGame.<init>(TwoPlayerGame.java:23)
	at com.extremettt.gui.MyMouseListener.<init>(MyMouseListener.java:20)
	at com.extremettt.gui.Cell.<init>(Cell.java:22)
	at com.extremettt.gui.Frame.newPanelWithCells(Frame.java:47)
	at com.extremettt.gui.Frame.<init>(Frame.java:25)
	at com.extremettt.logic.TwoPlayerGame.<init>(TwoPlayerGame.java:23)
	at com.extremettt.gui.MyMouseListener.<init>(MyMouseListener.java:20)
	at com.extremettt.gui.Cell.<init>(Cell.java:22)
	at com.extremettt.gui.Frame.newPanelWithCells(Frame.java:47)
	at com.extremettt.gui.Frame.<init>(Frame.java:25)
	at com.extremettt.logic.TwoPlayerGame.<init>(TwoPlayerGame.java:23)
	at com.extremettt.gui.MyMouseListener.<init>(MyMouseListener.java:20)
	at com.extremettt.gui.Cell.<init>(Cell.java:22)
	at com.extremettt.gui.Frame.newPanelWithCells(Frame.java:47)
	at com.extremettt.gui.Frame.<init>(Frame.java:25)
	at com.extremettt.logic.TwoPlayerGame.<init>(TwoPlayerGame.java:23)
	at com.extremettt.gui.MyMouseListener.<init>(MyMouseListener.java:20)
	at com.extremettt.gui.Cell.<init>(Cell.java:22)
	at com.extremettt.gui.Frame.newPanelWithCells(Frame.java:47)
	at com.extremettt.gui.Frame.<init>(Frame.java:25)
	at com.extremettt.logic.TwoPlayerGame.<init>(TwoPlayerGame.java:23)
	at com.extremettt.gui.MyMouseListener.<init>(MyMouseListener.java:20)
	at com.extremettt.gui.Cell.<init>(Cell.java:22)
	at com.extremettt.gui.Frame.newPanelWithCells(Frame.java:47)
	at com.extremettt.gui.Frame.<init>(Frame.java:25)
	at com.extremettt.logic.TwoPlayerGame.<init>(TwoPlayerGame.java:23)
	at com.extremettt.gui.MyMouseListener.<init>(MyMouseListener.java:20)
	at com.extremettt.gui.Cell.<init>(Cell.java:22)
	at com.extremettt.gui.Frame.newPanelWithCells(Frame.java:47)
	at com.extremettt.gui.Frame.<init>(Frame.java:25)
	at com.extremettt.logic.TwoPlayerGame.<init>(TwoPlayerGame.java:23)
	at com.extremettt.gui.MyMouseListener.<init>(MyMouseListener.java:20)
	at com.extremettt.gui.Cell.<init>(Cell.java:22)
	at com.extremettt.gui.Frame.newPanelWithCells(Frame.java:47)
	at com.extremettt.gui.Frame.<init>(Frame.java:25)
	at com.extremettt.logic.TwoPlayerGame.<init>(TwoPlayerGame.java:23)
	at com.extremettt.gui.MyMouseListener.<init>(MyMouseListener.java:20)
	at com.extremettt.gui.Cell.<init>(Cell.java:22)
	at com.extremettt.gui.Frame.newPanelWithCells(Frame.java:47)
	at com.extremettt.gui.Frame.<init>(Frame.java:25)
	at com.extremettt.logic.TwoPlayerGame.<init>(TwoPlayerGame.java:23)
	at com.extremettt.gui.MyMouseListener.<init>(MyMouseListener.java:20)
	at com.extremettt.gui.Cell.<init>(Cell.java:22)
	at com.extremettt.gui.Frame.newPanelWithCells(Frame.java:47)
	at com.extremettt.gui.Frame.<init>(Frame.java:25)
	at com.extremettt.logic.TwoPlayerGame.<init>(TwoPlayerGame.java:23)
	at com.extremettt.gui.MyMouseListener.<init>(MyMouseListener.java:20)
	at com.extremettt.gui.Cell.<init>(Cell.java:22)
	at com.extremettt.gui.Frame.newPanelWithCells(Frame.java:47)
	at com.extremettt.gui.Frame.<init>(Frame.java:25)
	at com.extremettt.logic.TwoPlayerGame.<init>(TwoPlayerGame.java:23)
	at com.extremettt.gui.MyMouseListener.<init>(MyMouseListener.java:20)
	at com.extremettt.gui.Cell.<init>(Cell.java:22)
	at com.extremettt.gui.Frame.newPanelWithCells(Frame.java:47)
	at com.extremettt.gui.Frame.<init>(Frame.java:25)
	at com.extremettt.logic.TwoPlayerGame.<init>(TwoPlayerGame.java:23)
	at com.extremettt.gui.MyMouseListener.<init>(MyMouseListener.java:20)
	at com.extremettt.gui.Cell.<init>(Cell.java:22)
	at com.extremettt.gui.Frame.newPanelWithCells(Frame.java:47)
	at com.extremettt.gui.Frame.<init>(Frame.java:25)
	at com.extremettt.logic.TwoPlayerGame.<init>(TwoPlayerGame.java:23)
	at com.extremettt.gui.MyMouseListener.<init>(MyMouseListener.java:20)
	at com.extremettt.gui.Cell.<init>(Cell.java:22)
	at com.extremettt.gui.Frame.newPanelWithCells(Frame.java:47)
	at com.extremettt.gui.Frame.<init>(Frame.java:25)
	at com.extremettt.logic.TwoPlayerGame.<init>(TwoPlayerGame.java:23)
	at com.extremettt.gui.MyMouseListener.<init>(MyMouseListener.java:20)
	at com.extremettt.gui.Cell.<init>(Cell.java:22)
	at com.extremettt.gui.Frame.newPanelWithCells(Frame.java:47)
	at com.extremettt.gui.Frame.<init>(Frame.java:25)
	at com.extremettt.logic.TwoPlayerGame.<init>(TwoPlayerGame.java:23)
	at com.extremettt.gui.MyMouseListener.<init>(MyMouseListener.java:20)
	at com.extremettt.gui.Cell.<init>(Cell.java:22)
	at com.extremettt.gui.Frame.newPanelWithCells(Frame.java:47)
	at com.extremettt.gui.Frame.<init>(Frame.java:25)
	at com.extremettt.logic.TwoPlayerGame.<init>(TwoPlayerGame.java:23)
	at com.extremettt.gui.MyMouseListener.<init>(MyMouseListener.java:20)
	at com.extremettt.gui.Cell.<init>(Cell.java:22)
	at com.extremettt.gui.Frame.newPanelWithCells(Frame.java:47)
	at com.extremettt.gui.Frame.<init>(Frame.java:25)
	at com.extremettt.logic.TwoPlayerGame.<init>(TwoPlayerGame.java:23)
	at com.extremettt.gui.MyMouseListener.<init>(MyMouseListener.java:20)
	at com.extremettt.gui.Cell.<init>(Cell.java:22)
	at com.extremettt.gui.Frame.newPanelWithCells(Frame.java:47)
	at com.extremettt.gui.Frame.<init>(Frame.java:25)
	at com.extremettt.logic.TwoPlayerGame.<init>(TwoPlayerGame.java:23)
	at com.extremettt.gui.MyMouseListener.<init>(MyMouseListener.java:20)
	at com.extremettt.gui.Cell.<init>(Cell.java:22)
	at com.extremettt.gui.Frame.newPanelWithCells(Frame.java:47)
	at com.extremettt.gui.Frame.<init>(Frame.java:25)
	at com.extremettt.logic.TwoPlayerGame.<init>(TwoPlayerGame.java:23)
	at com.extremettt.gui.MyMouseListener.<init>(MyMouseListener.java:20)
	at com.extremettt.gui.Cell.<init>(Cell.java:22)
	at com.extremettt.gui.Frame.newPanelWithCells(Frame.java:47)
	at com.extremettt.gui.Frame.<init>(Frame.java:25)
	at com.extremettt.logic.TwoPlayerGame.<init>(TwoPlayerGame.java:23)
	at com.extremettt.gui.MyMouseListener.<init>(MyMouseListener.java:20)
	at com.extremettt.gui.Cell.<init>(Cell.java:22)
	at com.extremettt.gui.Frame.newPanelWithCells(Frame.java:47)
	at com.extremettt.gui.Frame.<init>(Frame.java:25)
	at com.extremettt.logic.TwoPlayerGame.<init>(TwoPlayerGame.java:23)
	at com.extremettt.gui.MyMouseListener.<init>(MyMouseListener.java:20)
	at com.extremettt.gui.Cell.<init>(Cell.java:22)
	at com.extremettt.gui.Frame.newPanelWithCells(Frame.java:47)
	at com.extremettt.gui.Frame.<init>(Frame.java:25)
	at com.extremettt.logic.TwoPlayerGame.<init>(TwoPlayerGame.java:23)
	at com.extremettt.gui.MyMouseListener.<init>(MyMouseListener.java:20)
	at com.extremettt.gui.Cell.<init>(Cell.java:22)
	at com.extremettt.gui.Frame.newPanelWithCells(Frame.java:47)
	at com.extremettt.gui.Frame.<init>(Frame.java:25)
	at com.extremettt.logic.TwoPlayerGame.<init>(TwoPlayerGame.java:23)
	at com.extremettt.gui.MyMouseListener.<init>(MyMouseListener.java:20)
	at com.extremettt.gui.Cell.<init>(Cell.java:22)
	at com.extremettt.gui.Frame.newPanelWithCells(Frame.java:47)
	at com.extremettt.gui.Frame.<init>(Frame.java:25)
	at com.extremettt.logic.TwoPlayerGame.<init>(TwoPlayerGame.java:23)
	at com.extremettt.gui.MyMouseListener.<init>(MyMouseListener.java:20)
	at com.extremettt.gui.Cell.<init>(Cell.java:22)
	at com.extremettt.gui.Frame.newPanelWithCells(Frame.java:47)
	at com.extremettt.gui.Frame.<init>(Frame.java:25)
	at com.extremettt.logic.TwoPlayerGame.<init>(TwoPlayerGame.java:23)
	at com.extremettt.gui.MyMouseListener.<init>(MyMouseListener.java:20)
	at com.extremettt.gui.Cell.<init>(Cell.java:22)
	at com.extremettt.gui.Frame.newPanelWithCells(Frame.java:47)
	at com.extremettt.gui.Frame.<init>(Frame.java:25)
	at com.extremettt.logic.TwoPlayerGame.<init>(TwoPlayerGame.java:23)
	at com.extremettt.gui.MyMouseListener.<init>(MyMouseListener.java:20)
	at com.extremettt.gui.Cell.<init>(Cell.java:22)
	at com.extremettt.gui.Frame.newPanelWithCells(Frame.java:47)
	at com.extremettt.gui.Frame.<init>(Frame.java:25)
	at com.extremettt.logic.TwoPlayerGame.<init>(TwoPlayerGame.java:23)
	at com.extremettt.gui.MyMouseListener.<init>(MyMouseListener.java:20)
	at com.extremettt.gui.Cell.<init>(Cell.java:22)
	at com.extremettt.gui.Frame.newPanelWithCells(Frame.java:47)
	at com.extremettt.gui.Frame.<init>(Frame.java:25)
	at com.extremettt.logic.TwoPlayerGame.<init>(TwoPlayerGame.java:23)
	at com.extremettt.gui.MyMouseListener.<init>(MyMouseListener.java:20)
	at com.extremettt.gui.Cell.<init>(Cell.java:22)
	at com.extremettt.gui.Frame.newPanelWithCells(Frame.java:47)
	at com.extremettt.gui.Frame.<init>(Frame.java:25)
	at com.extremettt.logic.TwoPlayerGame.<init>(TwoPlayerGame.java:23)
	at com.extremettt.gui.MyMouseListener.<init>(MyMouseListener.java:20)
	at com.extremettt.gui.Cell.<init>(Cell.java:22)
	at com.extremettt.gui.Frame.newPanelWithCells(Frame.java:47)
	at com.extremettt.gui.Frame.<init>(Frame.java:25)
	at com.extremettt.logic.TwoPlayerGame.<init>(TwoPlayerGame.java:23)
	at com.extremettt.gui.MyMouseListener.<init>(MyMouseListener.java:20)
	at com.extremettt.gui.Cell.<init>(Cell.java:22)
	at com.extremettt.gui.Frame.newPanelWithCells(Frame.java:47)
	at com.extremettt.gui.Frame.<init>(Frame.java:25)
	at com.extremettt.logic.TwoPlayerGame.<init>(TwoPlayerGame.java:23)
	at com.extremettt.gui.MyMouseListener.<init>(MyMouseListener.java:20)
	at com.extremettt.gui.Cell.<init>(Cell.java:22)
	at com.extremettt.gui.Frame.newPanelWithCells(Frame.java:47)
	at com.extremettt.gui.Frame.<init>(Frame.java:25)
	at com.extremettt.logic.TwoPlayerGame.<init>(TwoPlayerGame.java:23)
	at com.extremettt.gui.MyMouseListener.<init>(MyMouseListener.java:20)
	at com.extremettt.gui.Cell.<init>(Cell.java:22)
	at com.extremettt.gui.Frame.newPanelWithCells(Frame.java:47)
	at com.extremettt.gui.Frame.<init>(Frame.java:25)
	at com.extremettt.logic.TwoPlayerGame.<init>(TwoPlayerGame.java:23)
	at com.extremettt.gui.MyMouseListener.<init>(MyMouseListener.java:20)
	at com.extremettt.gui.Cell.<init>(Cell.java:22)
	at com.extremettt.gui.Frame.newPanelWithCells(Frame.java:47)
	at com.extremettt.gui.Frame.<init>(Frame.java:25)
	at com.extremettt.logic.TwoPlayerGame.<init>(TwoPlayerGame.java:23)
	at com.extremettt.gui.MyMouseListener.<init>(MyMouseListener.java:20)
	at com.extremettt.gui.Cell.<init>(Cell.java:22)
	at com.extremettt.gui.Frame.newPanelWithCells(Frame.java:47)
	at com.extremettt.gui.Frame.<init>(Frame.java:25)
	at com.extremettt.logic.TwoPlayerGame.<init>(TwoPlayerGame.java:23)
	at com.extremettt.gui.MyMouseListener.<init>(MyMouseListener.java:20)
	at com.extremettt.gui.Cell.<init>(Cell.java:22)
	at com.extremettt.gui.Frame.newPanelWithCells(Frame.java:47)
	at com.extremettt.gui.Frame.<init>(Frame.java:25)
	at com.extremettt.logic.TwoPlayerGame.<init>(TwoPlayerGame.java:23)
	at com.extremettt.gui.MyMouseListener.<init>(MyMouseListener.java:20)
	at com.extremettt.gui.Cell.<init>(Cell.java:22)
	at com.extremettt.gui.Frame.newPanelWithCells(Frame.java:47)
	at com.extremettt.gui.Frame.<init>(Frame.java:25)
	at com.extremettt.logic.TwoPlayerGame.<init>(TwoPlayerGame.java:23)
	at com.extremettt.gui.MyMouseListener.<init>(MyMouseListener.java:20)
	at com.extremettt.gui.Cell.<init>(Cell.java:22)
	at com.extremettt.gui.Frame.newPanelWithCells(Frame.java:47)
	at com.extremettt.gui.Frame.<init>(Frame.java:25)
	at com.extremettt.logic.TwoPlayerGame.<init>(TwoPlayerGame.java:23)
	at com.extremettt.gui.MyMouseListener.<init>(MyMouseListener.java:20)
	at com.extremettt.gui.Cell.<init>(Cell.java:22)
	at com.extremettt.gui.Frame.newPanelWithCells(Frame.java:47)
	at com.extremettt.gui.Frame.<init>(Frame.java:25)
	at com.extremettt.logic.TwoPlayerGame.<init>(TwoPlayerGame.java:23)
	at com.extremettt.gui.MyMouseListener.<init>(MyMouseListener.java:20)
	at com.extremettt.gui.Cell.<init>(Cell.java:22)
	at com.extremettt.gui.Frame.newPanelWithCells(Frame.java:47)
	at com.extremettt.gui.Frame.<init>(Frame.java:25)
	at com.extremettt.logic.TwoPlayerGame.<init>(TwoPlayerGame.java:23)
	at com.extremettt.gui.MyMouseListener.<init>(MyMouseListener.java:20)
	at com.extremettt.gui.Cell.<init>(Cell.java:22)
	at com.extremettt.gui.Frame.newPanelWithCells(Frame.java:47)
	at com.extremettt.gui.Frame.<init>(Frame.java:25)
	at com.extremettt.logic.TwoPlayerGame.<init>(TwoPlayerGame.java:23)
	at com.extremettt.gui.MyMouseListener.<init>(MyMouseListener.java:20)
	at com.extremettt.gui.Cell.<init>(Cell.java:22)
	at com.extremettt.gui.Frame.newPanelWithCells(Frame.java:47)
	at com.extremettt.gui.Frame.<init>(Frame.java:25)
	at com.extremettt.logic.TwoPlayerGame.<init>(TwoPlayerGame.java:23)
	at com.extremettt.gui.MyMouseListener.<init>(MyMouseListener.java:20)
	at com.extremettt.gui.Cell.<init>(Cell.java:22)
	at com.extremettt.gui.Frame.newPanelWithCells(Frame.java:47)
	at com.extremettt.gui.Frame.<init>(Frame.java:25)
	at com.extremettt.logic.TwoPlayerGame.<init>(TwoPlayerGame.java:23)
	at com.extremettt.gui.MyMouseListener.<init>(MyMouseListener.java:20)
	at com.extremettt.gui.Cell.<init>(Cell.java:22)
	at com.extremettt.gui.Frame.newPanelWithCells(Frame.java:47)
	at com.extremettt.gui.Frame.<init>(Frame.java:25)
	at com.extremettt.logic.TwoPlayerGame.<init>(TwoPlayerGame.java:23)
	at com.extremettt.gui.MyMouseListener.<init>(MyMouseListener.java:20)
	at com.extremettt.gui.Cell.<init>(Cell.java:22)
	at com.extremettt.gui.Frame.newPanelWithCells(Frame.java:47)
	at com.extremettt.gui.Frame.<init>(Frame.java:25)
	at com.extremettt.logic.TwoPlayerGame.<init>(TwoPlayerGame.java:23)
	at com.extremettt.gui.MyMouseListener.<init>(MyMouseListener.java:20)
	at com.extremettt.gui.Cell.<init>(Cell.java:22)
	at com.extremettt.gui.Frame.newPanelWithCells(Frame.java:47)
	at com.extremettt.gui.Frame.<init>(Frame.java:25)
	at com.extremettt.logic.TwoPlayerGame.<init>(TwoPlayerGame.java:23)
	at com.extremettt.gui.MyMouseListener.<init>(MyMouseListener.java:20)
	at com.extremettt.gui.Cell.<init>(Cell.java:22)
	at com.extremettt.gui.Frame.newPanelWithCells(Frame.java:47)
	at com.extremettt.gui.Frame.<init>(Frame.java:25)
	at com.extremettt.logic.TwoPlayerGame.<init>(TwoPlayerGame.java:23)
	at com.extremettt.gui.MyMouseListener.<init>(MyMouseListener.java:20)
	at com.extremettt.gui.Cell.<init>(Cell.java:22)
	at com.extremettt.gui.Frame.newPanelWithCells(Frame.java:47)
	at com.extremettt.gui.Frame.<init>(Frame.java:25)
	at com.extremettt.logic.TwoPlayerGame.<init>(TwoPlayerGame.java:23)
	at com.extremettt.gui.MyMouseListener.<init>(MyMouseListener.java:20)
	at com.extremettt.gui.Cell.<init>(Cell.java:22)
	at com.extremettt.gui.Frame.newPanelWithCells(Frame.java:47)
	at com.extremettt.gui.Frame.<init>(Frame.java:25)
	at com.extremettt.logic.TwoPlayerGame.<init>(TwoPlayerGame.java:23)
	at com.extremettt.gui.MyMouseListener.<init>(MyMouseListener.java:20)
	at com.extremettt.gui.Cell.<init>(Cell.java:22)
	at com.extremettt.gui.Frame.newPanelWithCells(Frame.java:47)
	at com.extremettt.gui.Frame.<init>(Frame.java:25)
	at com.extremettt.logic.TwoPlayerGame.<init>(TwoPlayerGame.java:23)
	at com.extremettt.gui.MyMouseListener.<init>(MyMouseListener.java:20)
	at com.extremettt.gui.Cell.<init>(Cell.java:22)
	at com.extremettt.gui.Frame.newPanelWithCells(Frame.java:47)
	at com.extremettt.gui.Frame.<init>(Frame.java:25)
	at com.extremettt.logic.TwoPlayerGame.<init>(TwoPlayerGame.java:23)
	at com.extremettt.gui.MyMouseListener.<init>(MyMouseListener.java:20)
	at com.extremettt.gui.Cell.<init>(Cell.java:22)
	at com.extremettt.gui.Frame.newPanelWithCells(Frame.java:47)
	at com.extremettt.gui.Frame.<init>(Frame.java:25)
	at com.extremettt.logic.TwoPlayerGame.<init>(TwoPlayerGame.java:23)
	at com.extremettt.gui.MyMouseListener.<init>(MyMouseListener.java:20)
	at com.extremettt.gui.Cell.<init>(Cell.java:22)
	at com.extremettt.gui.Frame.newPanelWithCells(Frame.java:47)
	at com.extremettt.gui.Frame.<init>(Frame.java:25)
	at com.extremettt.logic.TwoPlayerGame.<init>(TwoPlayerGame.java:23)
	at com.extremettt.gui.MyMouseListener.<init>(MyMouseListener.java:20)
	at com.extremettt.gui.Cell.<init>(Cell.java:22)
	at com.extremettt.gui.Frame.newPanelWithCells(Frame.java:47)
	at com.extremettt.gui.Frame.<init>(Frame.java:25)
	at com.extremettt.logic.TwoPlayerGame.<init>(TwoPlayerGame.java:23)
	at com.extremettt.gui.MyMouseListener.<init>(MyMouseListener.java:20)
	at com.extremettt.gui.Cell.<init>(Cell.java:22)
	at com.extremettt.gui.Frame.newPanelWithCells(Frame.java:47)
	at com.extremettt.gui.Frame.<init>(Frame.java:25)
	at com.extremettt.logic.TwoPlayerGame.<init>(TwoPlayerGame.java:23)
	at com.extremettt.gui.MyMouseListener.<init>(MyMouseListener.java:20)
	at com.extremettt.gui.Cell.<init>(Cell.java:22)
	at com.extremettt.gui.Frame.newPanelWithCells(Frame.java:47)
	at com.extremettt.gui.Frame.<init>(Frame.java:25)
	at com.extremettt.logic.TwoPlayerGame.<init>(TwoPlayerGame.java:23)
	at com.extremettt.gui.MyMouseListener.<init>(MyMouseListener.java:20)
	at com.extremettt.gui.Cell.<init>(Cell.java:22)
	at com.extremettt.gui.Frame.newPanelWithCells(Frame.java:47)
	at com.extremettt.gui.Frame.<init>(Frame.java:25)
	at com.extremettt.logic.TwoPlayerGame.<init>(TwoPlayerGame.java:23)
	at com.extremettt.gui.MyMouseListener.<init>(MyMouseListener.java:20)
	at com.extremettt.gui.Cell.<init>(Cell.java:22)
	at com.extremettt.gui.Frame.newPanelWithCells(Frame.java:47)
	at com.extremettt.gui.Frame.<init>(Frame.java:25)
	at com.extremettt.logic.TwoPlayerGame.<init>(TwoPlayerGame.java:23)
	at com.extremettt.gui.MyMouseListener.<init>(MyMouseListener.java:20)
	at com.extremettt.gui.Cell.<init>(Cell.java:22)
	at com.extremettt.gui.Frame.newPanelWithCells(Frame.java:47)
	at com.extremettt.gui.Frame.<init>(Frame.java:25)
	at com.extremettt.logic.TwoPlayerGame.<init>(TwoPlayerGame.java:23)
	at com.extremettt.gui.MyMouseListener.<init>(MyMouseListener.java:20)
	at com.extremettt.gui.Cell.<init>(Cell.java:22)
	at com.extremettt.gui.Frame.newPanelWithCells(Frame.java:47)
	at com.extremettt.gui.Frame.<init>(Frame.java:25)
	at com.extremettt.logic.TwoPlayerGame.<init>(TwoPlayerGame.java:23)
	at com.extremettt.gui.MyMouseListener.<init>(MyMouseListener.java:20)
	at com.extremettt.gui.Cell.<init>(Cell.java:22)
	at com.extremettt.gui.Frame.newPanelWithCells(Frame.java:47)
	at com.extremettt.gui.Frame.<init>(Frame.java:25)
	at com.extremettt.logic.TwoPlayerGame.<init>(TwoPlayerGame.java:23)
	at com.extremettt.gui.MyMouseListener.<init>(MyMouseListener.java:20)
	at com.extremettt.gui.Cell.<init>(Cell.java:22)
	at com.extremettt.gui.Frame.newPanelWithCells(Frame.java:47)
	at com.extremettt.gui.Frame.<init>(Frame.java:25)
	at com.extremettt.logic.TwoPlayerGame.<init>(TwoPlayerGame.java:23)
	at com.extremettt.gui.MyMouseListener.<init>(MyMouseListener.java:20)
	at com.extremettt.gui.Cell.<init>(Cell.java:22)
	at com.extremettt.gui.Frame.newPanelWithCells(Frame.java:47)
	at com.extremettt.gui.Frame.<init>(Frame.java:25)
	at com.extremettt.logic.TwoPlayerGame.<init>(TwoPlayerGame.java:23)
	at com.extremettt.gui.MyMouseListener.<init>(MyMouseListener.java:20)
	at com.extremettt.gui.Cell.<init>(Cell.java:22)
	at com.extremettt.gui.Frame.newPanelWithCells(Frame.java:47)
	at com.extremettt.gui.Frame.<init>(Frame.java:25)
	at com.extremettt.logic.TwoPlayerGame.<init>(TwoPlayerGame.java:23)
startGameWorksWithT(com.extremettt.domain.StartTest)  Time elapsed: 1.788 sec  <<< ERROR!
java.lang.StackOverflowError
	at sun.awt.X11GraphicsConfig.pGetBounds(Native Method)
	at sun.awt.X11GraphicsConfig.getBounds(X11GraphicsConfig.java:314)
	at java.awt.Window.init(Window.java:505)
	at java.awt.Window.<init>(Window.java:537)
	at java.awt.Frame.<init>(Frame.java:420)
	at java.awt.Frame.<init>(Frame.java:385)
	at javax.swing.JFrame.<init>(JFrame.java:189)
	at com.extremettt.gui.Frame.<init>(Frame.java:24)
	at com.extremettt.logic.TwoPlayerGame.<init>(TwoPlayerGame.java:23)
	at com.extremettt.gui.MyMouseListener.<init>(MyMouseListener.java:20)
	at com.extremettt.gui.Cell.<init>(Cell.java:22)
	at com.extremettt.gui.Frame.newPanelWithCells(Frame.java:47)
	at com.extremettt.gui.Frame.<init>(Frame.java:25)
	at com.extremettt.logic.TwoPlayerGame.<init>(TwoPlayerGame.java:23)
	at com.extremettt.gui.MyMouseListener.<init>(MyMouseListener.java:20)
	at com.extremettt.gui.Cell.<init>(Cell.java:22)
	at com.extremettt.gui.Frame.newPanelWithCells(Frame.java:47)
	at com.extremettt.gui.Frame.<init>(Frame.java:25)
	at com.extremettt.logic.TwoPlayerGame.<init>(TwoPlayerGame.java:23)
	at com.extremettt.gui.MyMouseListener.<init>(MyMouseListener.java:20)
	at com.extremettt.gui.Cell.<init>(Cell.java:22)
	at com.extremettt.gui.Frame.newPanelWithCells(Frame.java:47)
	at com.extremettt.gui.Frame.<init>(Frame.java:25)
	at com.extremettt.logic.TwoPlayerGame.<init>(TwoPlayerGame.java:23)
	at com.extremettt.gui.MyMouseListener.<init>(MyMouseListener.java:20)
	at com.extremettt.gui.Cell.<init>(Cell.java:22)
	at com.extremettt.gui.Frame.newPanelWithCells(Frame.java:47)
	at com.extremettt.gui.Frame.<init>(Frame.java:25)
	at com.extremettt.logic.TwoPlayerGame.<init>(TwoPlayerGame.java:23)
	at com.extremettt.gui.MyMouseListener.<init>(MyMouseListener.java:20)
	at com.extremettt.gui.Cell.<init>(Cell.java:22)
	at com.extremettt.gui.Frame.newPanelWithCells(Frame.java:47)
	at com.extremettt.gui.Frame.<init>(Frame.java:25)
	at com.extremettt.logic.TwoPlayerGame.<init>(TwoPlayerGame.java:23)
	at com.extremettt.gui.MyMouseListener.<init>(MyMouseListener.java:20)
	at com.extremettt.gui.Cell.<init>(Cell.java:22)
	at com.extremettt.gui.Frame.newPanelWithCells(Frame.java:47)
	at com.extremettt.gui.Frame.<init>(Frame.java:25)
	at com.extremettt.logic.TwoPlayerGame.<init>(TwoPlayerGame.java:23)
	at com.extremettt.gui.MyMouseListener.<init>(MyMouseListener.java:20)
	at com.extremettt.gui.Cell.<init>(Cell.java:22)
	at com.extremettt.gui.Frame.newPanelWithCells(Frame.java:47)
	at com.extremettt.gui.Frame.<init>(Frame.java:25)
	at com.extremettt.logic.TwoPlayerGame.<init>(TwoPlayerGame.java:23)
	at com.extremettt.gui.MyMouseListener.<init>(MyMouseListener.java:20)
	at com.extremettt.gui.Cell.<init>(Cell.java:22)
	at com.extremettt.gui.Frame.newPanelWithCells(Frame.java:47)
	at com.extremettt.gui.Frame.<init>(Frame.java:25)
	at com.extremettt.logic.TwoPlayerGame.<init>(TwoPlayerGame.java:23)
	at com.extremettt.gui.MyMouseListener.<init>(MyMouseListener.java:20)
	at com.extremettt.gui.Cell.<init>(Cell.java:22)
	at com.extremettt.gui.Frame.newPanelWithCells(Frame.java:47)
	at com.extremettt.gui.Frame.<init>(Frame.java:25)
	at com.extremettt.logic.TwoPlayerGame.<init>(TwoPlayerGame.java:23)
	at com.extremettt.gui.MyMouseListener.<init>(MyMouseListener.java:20)
	at com.extremettt.gui.Cell.<init>(Cell.java:22)
	at com.extremettt.gui.Frame.newPanelWithCells(Frame.java:47)
	at com.extremettt.gui.Frame.<init>(Frame.java:25)
	at com.extremettt.logic.TwoPlayerGame.<init>(TwoPlayerGame.java:23)
	at com.extremettt.gui.MyMouseListener.<init>(MyMouseListener.java:20)
	at com.extremettt.gui.Cell.<init>(Cell.java:22)
	at com.extremettt.gui.Frame.newPanelWithCells(Frame.java:47)
	at com.extremettt.gui.Frame.<init>(Frame.java:25)
	at com.extremettt.logic.TwoPlayerGame.<init>(TwoPlayerGame.java:23)
	at com.extremettt.gui.MyMouseListener.<init>(MyMouseListener.java:20)
	at com.extremettt.gui.Cell.<init>(Cell.java:22)
	at com.extremettt.gui.Frame.newPanelWithCells(Frame.java:47)
	at com.extremettt.gui.Frame.<init>(Frame.java:25)
	at com.extremettt.logic.TwoPlayerGame.<init>(TwoPlayerGame.java:23)
	at com.extremettt.gui.MyMouseListener.<init>(MyMouseListener.java:20)
	at com.extremettt.gui.Cell.<init>(Cell.java:22)
	at com.extremettt.gui.Frame.newPanelWithCells(Frame.java:47)
	at com.extremettt.gui.Frame.<init>(Frame.java:25)
	at com.extremettt.logic.TwoPlayerGame.<init>(TwoPlayerGame.java:23)
	at com.extremettt.gui.MyMouseListener.<init>(MyMouseListener.java:20)
	at com.extremettt.gui.Cell.<init>(Cell.java:22)
	at com.extremettt.gui.Frame.newPanelWithCells(Frame.java:47)
	at com.extremettt.gui.Frame.<init>(Frame.java:25)
	at com.extremettt.logic.TwoPlayerGame.<init>(TwoPlayerGame.java:23)
	at com.extremettt.gui.MyMouseListener.<init>(MyMouseListener.java:20)
	at com.extremettt.gui.Cell.<init>(Cell.java:22)
	at com.extremettt.gui.Frame.newPanelWithCells(Frame.java:47)
	at com.extremettt.gui.Frame.<init>(Frame.java:25)
	at com.extremettt.logic.TwoPlayerGame.<init>(TwoPlayerGame.java:23)
	at com.extremettt.gui.MyMouseListener.<init>(MyMouseListener.java:20)
	at com.extremettt.gui.Cell.<init>(Cell.java:22)
	at com.extremettt.gui.Frame.newPanelWithCells(Frame.java:47)
	at com.extremettt.gui.Frame.<init>(Frame.java:25)
	at com.extremettt.logic.TwoPlayerGame.<init>(TwoPlayerGame.java:23)
	at com.extremettt.gui.MyMouseListener.<init>(MyMouseListener.java:20)
	at com.extremettt.gui.Cell.<init>(Cell.java:22)
	at com.extremettt.gui.Frame.newPanelWithCells(Frame.java:47)
	at com.extremettt.gui.Frame.<init>(Frame.java:25)
	at com.extremettt.logic.TwoPlayerGame.<init>(TwoPlayerGame.java:23)
	at com.extremettt.gui.MyMouseListener.<init>(MyMouseListener.java:20)
	at com.extremettt.gui.Cell.<init>(Cell.java:22)
	at com.extremettt.gui.Frame.newPanelWithCells(Frame.java:47)
	at com.extremettt.gui.Frame.<init>(Frame.java:25)
	at com.extremettt.logic.TwoPlayerGame.<init>(TwoPlayerGame.java:23)
	at com.extremettt.gui.MyMouseListener.<init>(MyMouseListener.java:20)
	at com.extremettt.gui.Cell.<init>(Cell.java:22)
	at com.extremettt.gui.Frame.newPanelWithCells(Frame.java:47)
	at com.extremettt.gui.Frame.<init>(Frame.java:25)
	at com.extremettt.logic.TwoPlayerGame.<init>(TwoPlayerGame.java:23)
	at com.extremettt.gui.MyMouseListener.<init>(MyMouseListener.java:20)
	at com.extremettt.gui.Cell.<init>(Cell.java:22)
	at com.extremettt.gui.Frame.newPanelWithCells(Frame.java:47)
	at com.extremettt.gui.Frame.<init>(Frame.java:25)
	at com.extremettt.logic.TwoPlayerGame.<init>(TwoPlayerGame.java:23)
	at com.extremettt.gui.MyMouseListener.<init>(MyMouseListener.java:20)
	at com.extremettt.gui.Cell.<init>(Cell.java:22)
	at com.extremettt.gui.Frame.newPanelWithCells(Frame.java:47)
	at com.extremettt.gui.Frame.<init>(Frame.java:25)
	at com.extremettt.logic.TwoPlayerGame.<init>(TwoPlayerGame.java:23)
	at com.extremettt.gui.MyMouseListener.<init>(MyMouseListener.java:20)
	at com.extremettt.gui.Cell.<init>(Cell.java:22)
	at com.extremettt.gui.Frame.newPanelWithCells(Frame.java:47)
	at com.extremettt.gui.Frame.<init>(Frame.java:25)
	at com.extremettt.logic.TwoPlayerGame.<init>(TwoPlayerGame.java:23)
	at com.extremettt.gui.MyMouseListener.<init>(MyMouseListener.java:20)
	at com.extremettt.gui.Cell.<init>(Cell.java:22)
	at com.extremettt.gui.Frame.newPanelWithCells(Frame.java:47)
	at com.extremettt.gui.Frame.<init>(Frame.java:25)
	at com.extremettt.logic.TwoPlayerGame.<init>(TwoPlayerGame.java:23)
	at com.extremettt.gui.MyMouseListener.<init>(MyMouseListener.java:20)
	at com.extremettt.gui.Cell.<init>(Cell.java:22)
	at com.extremettt.gui.Frame.newPanelWithCells(Frame.java:47)
	at com.extremettt.gui.Frame.<init>(Frame.java:25)
	at com.extremettt.logic.TwoPlayerGame.<init>(TwoPlayerGame.java:23)
	at com.extremettt.gui.MyMouseListener.<init>(MyMouseListener.java:20)
	at com.extremettt.gui.Cell.<init>(Cell.java:22)
	at com.extremettt.gui.Frame.newPanelWithCells(Frame.java:47)
	at com.extremettt.gui.Frame.<init>(Frame.java:25)
	at com.extremettt.logic.TwoPlayerGame.<init>(TwoPlayerGame.java:23)
	at com.extremettt.gui.MyMouseListener.<init>(MyMouseListener.java:20)
	at com.extremettt.gui.Cell.<init>(Cell.java:22)
	at com.extremettt.gui.Frame.newPanelWithCells(Frame.java:47)
	at com.extremettt.gui.Frame.<init>(Frame.java:25)
	at com.extremettt.logic.TwoPlayerGame.<init>(TwoPlayerGame.java:23)
	at com.extremettt.gui.MyMouseListener.<init>(MyMouseListener.java:20)
	at com.extremettt.gui.Cell.<init>(Cell.java:22)
	at com.extremettt.gui.Frame.newPanelWithCells(Frame.java:47)
	at com.extremettt.gui.Frame.<init>(Frame.java:25)
	at com.extremettt.logic.TwoPlayerGame.<init>(TwoPlayerGame.java:23)
	at com.extremettt.gui.MyMouseListener.<init>(MyMouseListener.java:20)
	at com.extremettt.gui.Cell.<init>(Cell.java:22)
	at com.extremettt.gui.Frame.newPanelWithCells(Frame.java:47)
	at com.extremettt.gui.Frame.<init>(Frame.java:25)
	at com.extremettt.logic.TwoPlayerGame.<init>(TwoPlayerGame.java:23)
	at com.extremettt.gui.MyMouseListener.<init>(MyMouseListener.java:20)
	at com.extremettt.gui.Cell.<init>(Cell.java:22)
	at com.extremettt.gui.Frame.newPanelWithCells(Frame.java:47)
	at com.extremettt.gui.Frame.<init>(Frame.java:25)
	at com.extremettt.logic.TwoPlayerGame.<init>(TwoPlayerGame.java:23)
	at com.extremettt.gui.MyMouseListener.<init>(MyMouseListener.java:20)
	at com.extremettt.gui.Cell.<init>(Cell.java:22)
	at com.extremettt.gui.Frame.newPanelWithCells(Frame.java:47)
	at com.extremettt.gui.Frame.<init>(Frame.java:25)
	at com.extremettt.logic.TwoPlayerGame.<init>(TwoPlayerGame.java:23)
	at com.extremettt.gui.MyMouseListener.<init>(MyMouseListener.java:20)
	at com.extremettt.gui.Cell.<init>(Cell.java:22)
	at com.extremettt.gui.Frame.newPanelWithCells(Frame.java:47)
	at com.extremettt.gui.Frame.<init>(Frame.java:25)
	at com.extremettt.logic.TwoPlayerGame.<init>(TwoPlayerGame.java:23)
	at com.extremettt.gui.MyMouseListener.<init>(MyMouseListener.java:20)
	at com.extremettt.gui.Cell.<init>(Cell.java:22)
	at com.extremettt.gui.Frame.newPanelWithCells(Frame.java:47)
	at com.extremettt.gui.Frame.<init>(Frame.java:25)
	at com.extremettt.logic.TwoPlayerGame.<init>(TwoPlayerGame.java:23)
	at com.extremettt.gui.MyMouseListener.<init>(MyMouseListener.java:20)
	at com.extremettt.gui.Cell.<init>(Cell.java:22)
	at com.extremettt.gui.Frame.newPanelWithCells(Frame.java:47)
	at com.extremettt.gui.Frame.<init>(Frame.java:25)
	at com.extremettt.logic.TwoPlayerGame.<init>(TwoPlayerGame.java:23)
	at com.extremettt.gui.MyMouseListener.<init>(MyMouseListener.java:20)
	at com.extremettt.gui.Cell.<init>(Cell.java:22)
	at com.extremettt.gui.Frame.newPanelWithCells(Frame.java:47)
	at com.extremettt.gui.Frame.<init>(Frame.java:25)
	at com.extremettt.logic.TwoPlayerGame.<init>(TwoPlayerGame.java:23)
	at com.extremettt.gui.MyMouseListener.<init>(MyMouseListener.java:20)
	at com.extremettt.gui.Cell.<init>(Cell.java:22)
	at com.extremettt.gui.Frame.newPanelWithCells(Frame.java:47)
	at com.extremettt.gui.Frame.<init>(Frame.java:25)
	at com.extremettt.logic.TwoPlayerGame.<init>(TwoPlayerGame.java:23)
	at com.extremettt.gui.MyMouseListener.<init>(MyMouseListener.java:20)
	at com.extremettt.gui.Cell.<init>(Cell.java:22)
	at com.extremettt.gui.Frame.newPanelWithCells(Frame.java:47)
	at com.extremettt.gui.Frame.<init>(Frame.java:25)
	at com.extremettt.logic.TwoPlayerGame.<init>(TwoPlayerGame.java:23)
	at com.extremettt.gui.MyMouseListener.<init>(MyMouseListener.java:20)
	at com.extremettt.gui.Cell.<init>(Cell.java:22)
	at com.extremettt.gui.Frame.newPanelWithCells(Frame.java:47)
	at com.extremettt.gui.Frame.<init>(Frame.java:25)
	at com.extremettt.logic.TwoPlayerGame.<init>(TwoPlayerGame.java:23)
	at com.extremettt.gui.MyMouseListener.<init>(MyMouseListener.java:20)
	at com.extremettt.gui.Cell.<init>(Cell.java:22)
	at com.extremettt.gui.Frame.newPanelWithCells(Frame.java:47)
	at com.extremettt.gui.Frame.<init>(Frame.java:25)
	at com.extremettt.logic.TwoPlayerGame.<init>(TwoPlayerGame.java:23)
	at com.extremettt.gui.MyMouseListener.<init>(MyMouseListener.java:20)
	at com.extremettt.gui.Cell.<init>(Cell.java:22)
	at com.extremettt.gui.Frame.newPanelWithCells(Frame.java:47)
	at com.extremettt.gui.Frame.<init>(Frame.java:25)
	at com.extremettt.logic.TwoPlayerGame.<init>(TwoPlayerGame.java:23)
	at com.extremettt.gui.MyMouseListener.<init>(MyMouseListener.java:20)
	at com.extremettt.gui.Cell.<init>(Cell.java:22)
	at com.extremettt.gui.Frame.newPanelWithCells(Frame.java:47)
	at com.extremettt.gui.Frame.<init>(Frame.java:25)
	at com.extremettt.logic.TwoPlayerGame.<init>(TwoPlayerGame.java:23)
	at com.extremettt.gui.MyMouseListener.<init>(MyMouseListener.java:20)
	at com.extremettt.gui.Cell.<init>(Cell.java:22)
	at com.extremettt.gui.Frame.newPanelWithCells(Frame.java:47)
	at com.extremettt.gui.Frame.<init>(Frame.java:25)
	at com.extremettt.logic.TwoPlayerGame.<init>(TwoPlayerGame.java:23)
	at com.extremettt.gui.MyMouseListener.<init>(MyMouseListener.java:20)
	at com.extremettt.gui.Cell.<init>(Cell.java:22)
	at com.extremettt.gui.Frame.newPanelWithCells(Frame.java:47)
	at com.extremettt.gui.Frame.<init>(Frame.java:25)
	at com.extremettt.logic.TwoPlayerGame.<init>(TwoPlayerGame.java:23)
	at com.extremettt.gui.MyMouseListener.<init>(MyMouseListener.java:20)
	at com.extremettt.gui.Cell.<init>(Cell.java:22)
	at com.extremettt.gui.Frame.newPanelWithCells(Frame.java:47)
	at com.extremettt.gui.Frame.<init>(Frame.java:25)
	at com.extremettt.logic.TwoPlayerGame.<init>(TwoPlayerGame.java:23)
	at com.extremettt.gui.MyMouseListener.<init>(MyMouseListener.java:20)
	at com.extremettt.gui.Cell.<init>(Cell.java:22)
	at com.extremettt.gui.Frame.newPanelWithCells(Frame.java:47)
	at com.extremettt.gui.Frame.<init>(Frame.java:25)
	at com.extremettt.logic.TwoPlayerGame.<init>(TwoPlayerGame.java:23)
	at com.extremettt.gui.MyMouseListener.<init>(MyMouseListener.java:20)
	at com.extremettt.gui.Cell.<init>(Cell.java:22)
	at com.extremettt.gui.Frame.newPanelWithCells(Frame.java:47)
	at com.extremettt.gui.Frame.<init>(Frame.java:25)
	at com.extremettt.logic.TwoPlayerGame.<init>(TwoPlayerGame.java:23)
	at com.extremettt.gui.MyMouseListener.<init>(MyMouseListener.java:20)
	at com.extremettt.gui.Cell.<init>(Cell.java:22)
	at com.extremettt.gui.Frame.newPanelWithCells(Frame.java:47)
	at com.extremettt.gui.Frame.<init>(Frame.java:25)
	at com.extremettt.logic.TwoPlayerGame.<init>(TwoPlayerGame.java:23)
	at com.extremettt.gui.MyMouseListener.<init>(MyMouseListener.java:20)
	at com.extremettt.gui.Cell.<init>(Cell.java:22)
	at com.extremettt.gui.Frame.newPanelWithCells(Frame.java:47)
	at com.extremettt.gui.Frame.<init>(Frame.java:25)
	at com.extremettt.logic.TwoPlayerGame.<init>(TwoPlayerGame.java:23)
	at com.extremettt.gui.MyMouseListener.<init>(MyMouseListener.java:20)
	at com.extremettt.gui.Cell.<init>(Cell.java:22)
	at com.extremettt.gui.Frame.newPanelWithCells(Frame.java:47)
	at com.extremettt.gui.Frame.<init>(Frame.java:25)
	at com.extremettt.logic.TwoPlayerGame.<init>(TwoPlayerGame.java:23)
	at com.extremettt.gui.MyMouseListener.<init>(MyMouseListener.java:20)
	at com.extremettt.gui.Cell.<init>(Cell.java:22)
	at com.extremettt.gui.Frame.newPanelWithCells(Frame.java:47)
	at com.extremettt.gui.Frame.<init>(Frame.java:25)
	at com.extremettt.logic.TwoPlayerGame.<init>(TwoPlayerGame.java:23)
	at com.extremettt.gui.MyMouseListener.<init>(MyMouseListener.java:20)
	at com.extremettt.gui.Cell.<init>(Cell.java:22)
	at com.extremettt.gui.Frame.newPanelWithCells(Frame.java:47)
	at com.extremettt.gui.Frame.<init>(Frame.java:25)
	at com.extremettt.logic.TwoPlayerGame.<init>(TwoPlayerGame.java:23)
	at com.extremettt.gui.MyMouseListener.<init>(MyMouseListener.java:20)
	at com.extremettt.gui.Cell.<init>(Cell.java:22)
	at com.extremettt.gui.Frame.newPanelWithCells(Frame.java:47)
	at com.extremettt.gui.Frame.<init>(Frame.java:25)
	at com.extremettt.logic.TwoPlayerGame.<init>(TwoPlayerGame.java:23)
	at com.extremettt.gui.MyMouseListener.<init>(MyMouseListener.java:20)
	at com.extremettt.gui.Cell.<init>(Cell.java:22)
	at com.extremettt.gui.Frame.newPanelWithCells(Frame.java:47)
	at com.extremettt.gui.Frame.<init>(Frame.java:25)
	at com.extremettt.logic.TwoPlayerGame.<init>(TwoPlayerGame.java:23)
	at com.extremettt.gui.MyMouseListener.<init>(MyMouseListener.java:20)
	at com.extremettt.gui.Cell.<init>(Cell.java:22)
	at com.extremettt.gui.Frame.newPanelWithCells(Frame.java:47)
	at com.extremettt.gui.Frame.<init>(Frame.java:25)
	at com.extremettt.logic.TwoPlayerGame.<init>(TwoPlayerGame.java:23)
	at com.extremettt.gui.MyMouseListener.<init>(MyMouseListener.java:20)
	at com.extremettt.gui.Cell.<init>(Cell.java:22)
	at com.extremettt.gui.Frame.newPanelWithCells(Frame.java:47)
	at com.extremettt.gui.Frame.<init>(Frame.java:25)
	at com.extremettt.logic.TwoPlayerGame.<init>(TwoPlayerGame.java:23)
	at com.extremettt.gui.MyMouseListener.<init>(MyMouseListener.java:20)
	at com.extremettt.gui.Cell.<init>(Cell.java:22)
	at com.extremettt.gui.Frame.newPanelWithCells(Frame.java:47)
	at com.extremettt.gui.Frame.<init>(Frame.java:25)
	at com.extremettt.logic.TwoPlayerGame.<init>(TwoPlayerGame.java:23)
	at com.extremettt.gui.MyMouseListener.<init>(MyMouseListener.java:20)
	at com.extremettt.gui.Cell.<init>(Cell.java:22)
	at com.extremettt.gui.Frame.newPanelWithCells(Frame.java:47)
	at com.extremettt.gui.Frame.<init>(Frame.java:25)
	at com.extremettt.logic.TwoPlayerGame.<init>(TwoPlayerGame.java:23)
	at com.extremettt.gui.MyMouseListener.<init>(MyMouseListener.java:20)
	at com.extremettt.gui.Cell.<init>(Cell.java:22)
	at com.extremettt.gui.Frame.newPanelWithCells(Frame.java:47)
	at com.extremettt.gui.Frame.<init>(Frame.java:25)
	at com.extremettt.logic.TwoPlayerGame.<init>(TwoPlayerGame.java:23)
[...]
	at com.extremettt.gui.MyMouseListener.<init>(MyMouseListener.java:20)
	at com.extremettt.gui.Cell.<init>(Cell.java:22)
	at com.extremettt.gui.Frame.newPanelWithCells(Frame.java:47)
	at com.extremettt.gui.Frame.<init>(Frame.java:25)
	at com.extremettt.logic.TwoPlayerGame.<init>(TwoPlayerGame.java:23)
	at com.extremettt.gui.MyMouseListener.<init>(MyMouseListener.java:20)
	at com.extremettt.gui.Cell.<init>(Cell.java:22)
	at com.extremettt.gui.Frame.newPanelWithCells(Frame.java:47)
	at com.extremettt.gui.Frame.<init>(Frame.java:25)
	at com.extremettt.logic.TwoPlayerGame.<init>(TwoPlayerGame.java:23)
	at com.extremettt.gui.MyMouseListener.<init>(MyMouseListener.java:20)
	at com.extremettt.gui.Cell.<init>(Cell.java:22)
	at com.extremettt.gui.Frame.newPanelWithCells(Frame.java:47)
	at com.extremettt.gui.Frame.<init>(Frame.java:25)
	at com.extremettt.logic.TwoPlayerGame.<init>(TwoPlayerGame.java:23)
	at com.extremettt.gui.MyMouseListener.<init>(MyMouseListener.java:20)
	at com.extremettt.gui.Cell.<init>(Cell.java:22)
	at com.extremettt.gui.Frame.newPanelWithCells(Frame.java:47)
	at com.extremettt.gui.Frame.<init>(Frame.java:25)
	at com.extremettt.logic.TwoPlayerGame.<init>(TwoPlayerGame.java:23)
	at com.extremettt.gui.MyMouseListener.<init>(MyMouseListener.java:20)
	at com.extremettt.gui.Cell.<init>(Cell.java:22)
	at com.extremettt.gui.Frame.newPanelWithCells(Frame.java:47)
	at com.extremettt.gui.Frame.<init>(Frame.java:25)
	at com.extremettt.logic.TwoPlayerGame.<init>(TwoPlayerGame.java:23)
	at com.extremettt.gui.MyMouseListener.<init>(MyMouseListener.java:20)
	at com.extremettt.gui.Cell.<init>(Cell.java:22)
	at com.extremettt.gui.Frame.newPanelWithCells(Frame.java:47)
	at com.extremettt.gui.Frame.<init>(Frame.java:25)
	at com.extremettt.logic.TwoPlayerGame.<init>(TwoPlayerGame.java:23)
	at com.extremettt.gui.MyMouseListener.<init>(MyMouseListener.java:20)
	at com.extremettt.gui.Cell.<init>(Cell.java:22)
	at com.extremettt.gui.Frame.newPanelWithCells(Frame.java:47)
	at com.extremettt.gui.Frame.<init>(Frame.java:25)
	at com.extremettt.logic.TwoPlayerGame.<init>(TwoPlayerGame.java:23)
	at com.extremettt.gui.MyMouseListener.<init>(MyMouseListener.java:20)
	at com.extremettt.gui.Cell.<init>(Cell.java:22)
	at com.extremettt.gui.Frame.newPanelWithCells(Frame.java:47)
	at com.extremettt.gui.Frame.<init>(Frame.java:25)
	at com.extremettt.logic.TwoPlayerGame.<init>(TwoPlayerGame.java:23)
	at com.extremettt.gui.MyMouseListener.<init>(MyMouseListener.java:20)
	at com.extremettt.gui.Cell.<init>(Cell.java:22)
	at com.extremettt.gui.Frame.newPanelWithCells(Frame.java:47)
	at com.extremettt.gui.Frame.<init>(Frame.java:25)
	at com.extremettt.logic.TwoPlayerGame.<init>(TwoPlayerGame.java:23)
	at com.extremettt.gui.MyMouseListener.<init>(MyMouseListener.java:20)
	at com.extremettt.gui.Cell.<init>(Cell.java:22)
	at com.extremettt.gui.Frame.newPanelWithCells(Frame.java:47)
	at com.extremettt.gui.Frame.<init>(Frame.java:25)
	at com.extremettt.logic.TwoPlayerGame.<init>(TwoPlayerGame.java:23)
	at com.extremettt.gui.MyMouseListener.<init>(MyMouseListener.java:20)
	at com.extremettt.gui.Cell.<init>(Cell.java:22)
	at com.extremettt.gui.Frame.newPanelWithCells(Frame.java:47)
	at com.extremettt.gui.Frame.<init>(Frame.java:25)
	at com.extremettt.logic.TwoPlayerGame.<init>(TwoPlayerGame.java:23)
	at com.extremettt.gui.MyMouseListener.<init>(MyMouseListener.java:20)
	at com.extremettt.gui.Cell.<init>(Cell.java:22)
	at com.extremettt.gui.Frame.newPanelWithCells(Frame.java:47)
	at com.extremettt.gui.Frame.<init>(Frame.java:25)
	at com.extremettt.logic.TwoPlayerGame.<init>(TwoPlayerGame.java:23)
	at com.extremettt.gui.MyMouseListener.<init>(MyMouseListener.java:20)
	at com.extremettt.gui.Cell.<init>(Cell.java:22)
	at com.extremettt.gui.Frame.newPanelWithCells(Frame.java:47)
	at com.extremettt.gui.Frame.<init>(Frame.java:25)
	at com.extremettt.logic.TwoPlayerGame.<init>(TwoPlayerGame.java:23)
	at com.extremettt.gui.MyMouseListener.<init>(MyMouseListener.java:20)
	at com.extremettt.gui.Cell.<init>(Cell.java:22)
	at com.extremettt.gui.Frame.newPanelWithCells(Frame.java:47)
	at com.extremettt.gui.Frame.<init>(Frame.java:25)
	at com.extremettt.logic.TwoPlayerGame.<init>(TwoPlayerGame.java:23)
	at com.extremettt.gui.MyMouseListener.<init>(MyMouseListener.java:20)
	at com.extremettt.gui.Cell.<init>(Cell.java:22)
	at com.extremettt.gui.Frame.newPanelWithCells(Frame.java:47)
	at com.extremettt.gui.Frame.<init>(Frame.java:25)
	at com.extremettt.logic.TwoPlayerGame.<init>(TwoPlayerGame.java:23)
	at com.extremettt.gui.MyMouseListener.<init>(MyMouseListener.java:20)
	at com.extremettt.gui.Cell.<init>(Cell.java:22)
	at com.extremettt.gui.Frame.newPanelWithCells(Frame.java:47)
	at com.extremettt.gui.Frame.<init>(Frame.java:25)
	at com.extremettt.logic.TwoPlayerGame.<init>(TwoPlayerGame.java:23)
	at com.extremettt.gui.MyMouseListener.<init>(MyMouseListener.java:20)
	at com.extremettt.gui.Cell.<init>(Cell.java:22)
	at com.extremettt.gui.Frame.newPanelWithCells(Frame.java:47)
	at com.extremettt.gui.Frame.<init>(Frame.java:25)
	at com.extremettt.logic.TwoPlayerGame.<init>(TwoPlayerGame.java:23)
	at com.extremettt.gui.MyMouseListener.<init>(MyMouseListener.java:20)
	at com.extremettt.gui.Cell.<init>(Cell.java:22)
	at com.extremettt.gui.Frame.newPanelWithCells(Frame.java:47)
	at com.extremettt.gui.Frame.<init>(Frame.java:25)
	at com.extremettt.logic.TwoPlayerGame.<init>(TwoPlayerGame.java:23)
	at com.extremettt.gui.MyMouseListener.<init>(MyMouseListener.java:20)
	at com.extremettt.gui.Cell.<init>(Cell.java:22)
	at com.extremettt.gui.Frame.newPanelWithCells(Frame.java:47)
	at com.extremettt.gui.Frame.<init>(Frame.java:25)
	at com.extremettt.logic.TwoPlayerGame.<init>(TwoPlayerGame.java:23)
	at com.extremettt.gui.MyMouseListener.<init>(MyMouseListener.java:20)
	at com.extremettt.gui.Cell.<init>(Cell.java:22)
	at com.extremettt.gui.Frame.newPanelWithCells(Frame.java:47)
	at com.extremettt.gui.Frame.<init>(Frame.java:25)
	at com.extremettt.logic.TwoPlayerGame.<init>(TwoPlayerGame.java:23)
	at com.extremettt.gui.MyMouseListener.<init>(MyMouseListener.java:20)
	at com.extremettt.gui.Cell.<init>(Cell.java:22)
	at com.extremettt.gui.Frame.newPanelWithCells(Frame.java:47)
	at com.extremettt.gui.Frame.<init>(Frame.java:25)
	at com.extremettt.logic.TwoPlayerGame.<init>(TwoPlayerGame.java:23)
	at com.extremettt.gui.MyMouseListener.<init>(MyMouseListener.java:20)
	at com.extremettt.gui.Cell.<init>(Cell.java:22)
	at com.extremettt.gui.Frame.newPanelWithCells(Frame.java:47)
	at com.extremettt.gui.Frame.<init>(Frame.java:25)
	at com.extremettt.logic.TwoPlayerGame.<init>(TwoPlayerGame.java:23)
	at com.extremettt.gui.MyMouseListener.<init>(MyMouseListener.java:20)
	at com.extremettt.gui.Cell.<init>(Cell.java:22)
	at com.extremettt.gui.Frame.newPanelWithCells(Frame.java:47)
	at com.extremettt.gui.Frame.<init>(Frame.java:25)
	at com.extremettt.logic.TwoPlayerGame.<init>(TwoPlayerGame.java:23)
	at com.extremettt.gui.MyMouseListener.<init>(MyMouseListener.java:20)
	at com.extremettt.gui.Cell.<init>(Cell.java:22)
	at com.extremettt.gui.Frame.newPanelWithCells(Frame.java:47)
	at com.extremettt.gui.Frame.<init>(Frame.java:25)
	at com.extremettt.logic.TwoPlayerGame.<init>(TwoPlayerGame.java:23)
	at com.extremettt.gui.MyMouseListener.<init>(MyMouseListener.java:20)
	at com.extremettt.gui.Cell.<init>(Cell.java:22)
	at com.extremettt.gui.Frame.newPanelWithCells(Frame.java:47)
	at com.extremettt.gui.Frame.<init>(Frame.java:25)
	at com.extremettt.logic.TwoPlayerGame.<init>(TwoPlayerGame.java:23)
	at com.extremettt.gui.MyMouseListener.<init>(MyMouseListener.java:20)
	at com.extremettt.gui.Cell.<init>(Cell.java:22)
	at com.extremettt.gui.Frame.newPanelWithCells(Frame.java:47)
	at com.extremettt.gui.Frame.<init>(Frame.java:25)
	at com.extremettt.logic.TwoPlayerGame.<init>(TwoPlayerGame.java:23)
	at com.extremettt.gui.MyMouseListener.<init>(MyMouseListener.java:20)
	at com.extremettt.gui.Cell.<init>(Cell.java:22)
	at com.extremettt.gui.Frame.newPanelWithCells(Frame.java:47)
	at com.extremettt.gui.Frame.<init>(Frame.java:25)
	at com.extremettt.logic.TwoPlayerGame.<init>(TwoPlayerGame.java:23)
	at com.extremettt.gui.MyMouseListener.<init>(MyMouseListener.java:20)
	at com.extremettt.gui.Cell.<init>(Cell.java:22)
	at com.extremettt.gui.Frame.newPanelWithCells(Frame.java:47)
	at com.extremettt.gui.Frame.<init>(Frame.java:25)
	at com.extremettt.logic.TwoPlayerGame.<init>(TwoPlayerGame.java:23)
	at com.extremettt.gui.MyMouseListener.<init>(MyMouseListener.java:20)
	at com.extremettt.gui.Cell.<init>(Cell.java:22)
	at com.extremettt.gui.Frame.newPanelWithCells(Frame.java:47)
	at com.extremettt.gui.Frame.<init>(Frame.java:25)
	at com.extremettt.logic.TwoPlayerGame.<init>(TwoPlayerGame.java:23)
	at com.extremettt.gui.MyMouseListener.<init>(MyMouseListener.java:20)
	at com.extremettt.gui.Cell.<init>(Cell.java:22)
	at com.extremettt.gui.Frame.newPanelWithCells(Frame.java:47)
	at com.extremettt.gui.Frame.<init>(Frame.java:25)
	at com.extremettt.logic.TwoPlayerGame.<init>(TwoPlayerGame.java:23)
	at com.extremettt.gui.MyMouseListener.<init>(MyMouseListener.java:20)
	at com.extremettt.gui.Cell.<init>(Cell.java:22)
	at com.extremettt.gui.Frame.newPanelWithCells(Frame.java:47)
	at com.extremettt.gui.Frame.<init>(Frame.java:25)
	at com.extremettt.logic.TwoPlayerGame.<init>(TwoPlayerGame.java:23)
	at com.extremettt.gui.MyMouseListener.<init>(MyMouseListener.java:20)
	at com.extremettt.gui.Cell.<init>(Cell.java:22)
	at com.extremettt.gui.Frame.newPanelWithCells(Frame.java:47)
	at com.extremettt.gui.Frame.<init>(Frame.java:25)
	at com.extremettt.logic.TwoPlayerGame.<init>(TwoPlayerGame.java:23)
	at com.extremettt.gui.MyMouseListener.<init>(MyMouseListener.java:20)
	at com.extremettt.gui.Cell.<init>(Cell.java:22)
	at com.extremettt.gui.Frame.newPanelWithCells(Frame.java:47)
	at com.extremettt.gui.Frame.<init>(Frame.java:25)
	at com.extremettt.logic.TwoPlayerGame.<init>(TwoPlayerGame.java:23)
	at com.extremettt.gui.MyMouseListener.<init>(MyMouseListener.java:20)
	at com.extremettt.gui.Cell.<init>(Cell.java:22)
	at com.extremettt.gui.Frame.newPanelWithCells(Frame.java:47)
	at com.extremettt.gui.Frame.<init>(Frame.java:25)
	at com.extremettt.logic.TwoPlayerGame.<init>(TwoPlayerGame.java:23)
	at com.extremettt.gui.MyMouseListener.<init>(MyMouseListener.java:20)
	at com.extremettt.gui.Cell.<init>(Cell.java:22)
	at com.extremettt.gui.Frame.newPanelWithCells(Frame.java:47)
	at com.extremettt.gui.Frame.<init>(Frame.java:25)
	at com.extremettt.logic.TwoPlayerGame.<init>(TwoPlayerGame.java:23)
	at com.extremettt.gui.MyMouseListener.<init>(MyMouseListener.java:20)
	at com.extremettt.gui.Cell.<init>(Cell.java:22)
	at com.extremettt.gui.Frame.newPanelWithCells(Frame.java:47)
	at com.extremettt.gui.Frame.<init>(Frame.java:25)
	at com.extremettt.logic.TwoPlayerGame.<init>(TwoPlayerGame.java:23)
	at com.extremettt.gui.MyMouseListener.<init>(MyMouseListener.java:20)
	at com.extremettt.gui.Cell.<init>(Cell.java:22)
	at com.extremettt.gui.Frame.newPanelWithCells(Frame.java:47)
	at com.extremettt.gui.Frame.<init>(Frame.java:25)
	at com.extremettt.logic.TwoPlayerGame.<init>(TwoPlayerGame.java:23)
	at com.extremettt.gui.MyMouseListener.<init>(MyMouseListener.java:20)
	at com.extremettt.gui.Cell.<init>(Cell.java:22)
	at com.extremettt.gui.Frame.newPanelWithCells(Frame.java:47)
	at com.extremettt.gui.Frame.<init>(Frame.java:25)
	at com.extremettt.logic.TwoPlayerGame.<init>(TwoPlayerGame.java:23)
	at com.extremettt.gui.MyMouseListener.<init>(MyMouseListener.java:20)
	at com.extremettt.gui.Cell.<init>(Cell.java:22)
	at com.extremettt.gui.Frame.newPanelWithCells(Frame.java:47)
	at com.extremettt.gui.Frame.<init>(Frame.java:25)
	at com.extremettt.logic.TwoPlayerGame.<init>(TwoPlayerGame.java:23)
	at com.extremettt.gui.MyMouseListener.<init>(MyMouseListener.java:20)
	at com.extremettt.gui.Cell.<init>(Cell.java:22)
	at com.extremettt.gui.Frame.newPanelWithCells(Frame.java:47)
	at com.extremettt.gui.Frame.<init>(Frame.java:25)
	at com.extremettt.logic.TwoPlayerGame.<init>(TwoPlayerGame.java:23)
	at com.extremettt.gui.MyMouseListener.<init>(MyMouseListener.java:20)
	at com.extremettt.gui.Cell.<init>(Cell.java:22)
	at com.extremettt.gui.Frame.newPanelWithCells(Frame.java:47)
	at com.extremettt.gui.Frame.<init>(Frame.java:25)
	at com.extremettt.logic.TwoPlayerGame.<init>(TwoPlayerGame.java:23)
	at com.extremettt.gui.MyMouseListener.<init>(MyMouseListener.java:20)
	at com.extremettt.gui.Cell.<init>(Cell.java:22)
	at com.extremettt.gui.Frame.newPanelWithCells(Frame.java:47)
	at com.extremettt.gui.Frame.<init>(Frame.java:25)
	at com.extremettt.logic.TwoPlayerGame.<init>(TwoPlayerGame.java:23)
	at com.extremettt.gui.MyMouseListener.<init>(MyMouseListener.java:20)
	at com.extremettt.gui.Cell.<init>(Cell.java:22)
	at com.extremettt.gui.Frame.newPanelWithCells(Frame.java:47)
	at com.extremettt.gui.Frame.<init>(Frame.java:25)
	at com.extremettt.logic.TwoPlayerGame.<init>(TwoPlayerGame.java:23)
	at com.extremettt.gui.MyMouseListener.<init>(MyMouseListener.java:20)
	at com.extremettt.gui.Cell.<init>(Cell.java:22)
	at com.extremettt.gui.Frame.newPanelWithCells(Frame.java:47)
	at com.extremettt.gui.Frame.<init>(Frame.java:25)
	at com.extremettt.logic.TwoPlayerGame.<init>(TwoPlayerGame.java:23)
	at com.extremettt.gui.MyMouseListener.<init>(MyMouseListener.java:20)
	at com.extremettt.gui.Cell.<init>(Cell.java:22)
	at com.extremettt.gui.Frame.newPanelWithCells(Frame.java:47)
	at com.extremettt.gui.Frame.<init>(Frame.java:25)
	at com.extremettt.logic.TwoPlayerGame.<init>(TwoPlayerGame.java:23)
	at com.extremettt.gui.MyMouseListener.<init>(MyMouseListener.java:20)
	at com.extremettt.gui.Cell.<init>(Cell.java:22)
	at com.extremettt.gui.Frame.newPanelWithCells(Frame.java:47)
	at com.extremettt.gui.Frame.<init>(Frame.java:25)
	at com.extremettt.logic.TwoPlayerGame.<init>(TwoPlayerGame.java:23)
	at com.extremettt.gui.MyMouseListener.<init>(MyMouseListener.java:20)
	at com.extremettt.gui.Cell.<init>(Cell.java:22)
	at com.extremettt.gui.Frame.newPanelWithCells(Frame.java:47)
	at com.extremettt.gui.Frame.<init>(Frame.java:25)
	at com.extremettt.logic.TwoPlayerGame.<init>(TwoPlayerGame.java:23)
	at com.extremettt.gui.MyMouseListener.<init>(MyMouseListener.java:20)
	at com.extremettt.gui.Cell.<init>(Cell.java:22)
	at com.extremettt.gui.Frame.newPanelWithCells(Frame.java:47)
	at com.extremettt.gui.Frame.<init>(Frame.java:25)
	at com.extremettt.logic.TwoPlayerGame.<init>(TwoPlayerGame.java:23)
	at com.extremettt.gui.MyMouseListener.<init>(MyMouseListener.java:20)
	at com.extremettt.gui.Cell.<init>(Cell.java:22)
	at com.extremettt.gui.Frame.newPanelWithCells(Frame.java:47)
	at com.extremettt.gui.Frame.<init>(Frame.java:25)
	at com.extremettt.logic.TwoPlayerGame.<init>(TwoPlayerGame.java:23)
	at com.extremettt.gui.MyMouseListener.<init>(MyMouseListener.java:20)
	at com.extremettt.gui.Cell.<init>(Cell.java:22)
	at com.extremettt.gui.Frame.newPanelWithCells(Frame.java:47)
	at com.extremettt.gui.Frame.<init>(Frame.java:25)
	at com.extremettt.logic.TwoPlayerGame.<init>(TwoPlayerGame.java:23)
	at com.extremettt.gui.MyMouseListener.<init>(MyMouseListener.java:20)
	at com.extremettt.gui.Cell.<init>(Cell.java:22)
	at com.extremettt.gui.Frame.newPanelWithCells(Frame.java:47)
	at com.extremettt.gui.Frame.<init>(Frame.java:25)
	at com.extremettt.logic.TwoPlayerGame.<init>(TwoPlayerGame.java:23)
	at com.extremettt.gui.MyMouseListener.<init>(MyMouseListener.java:20)
	at com.extremettt.gui.Cell.<init>(Cell.java:22)
	at com.extremettt.gui.Frame.newPanelWithCells(Frame.java:47)
	at com.extremettt.gui.Frame.<init>(Frame.java:25)
	at com.extremettt.logic.TwoPlayerGame.<init>(TwoPlayerGame.java:23)
	at com.extremettt.gui.MyMouseListener.<init>(MyMouseListener.java:20)
	at com.extremettt.gui.Cell.<init>(Cell.java:22)
	at com.extremettt.gui.Frame.newPanelWithCells(Frame.java:47)
	at com.extremettt.gui.Frame.<init>(Frame.java:25)
	at com.extremettt.logic.TwoPlayerGame.<init>(TwoPlayerGame.java:23)
	at com.extremettt.gui.MyMouseListener.<init>(MyMouseListener.java:20)
	at com.extremettt.gui.Cell.<init>(Cell.java:22)
	at com.extremettt.gui.Frame.newPanelWithCells(Frame.java:47)
	at com.extremettt.gui.Frame.<init>(Frame.java:25)
	at com.extremettt.logic.TwoPlayerGame.<init>(TwoPlayerGame.java:23)
	at com.extremettt.gui.MyMouseListener.<init>(MyMouseListener.java:20)
	at com.extremettt.gui.Cell.<init>(Cell.java:22)
	at com.extremettt.gui.Frame.newPanelWithCells(Frame.java:47)
	at com.extremettt.gui.Frame.<init>(Frame.java:25)
	at com.extremettt.logic.TwoPlayerGame.<init>(TwoPlayerGame.java:23)
	at com.extremettt.gui.MyMouseListener.<init>(MyMouseListener.java:20)
	at com.extremettt.gui.Cell.<init>(Cell.java:22)
	at com.extremettt.gui.Frame.newPanelWithCells(Frame.java:47)
	at com.extremettt.gui.Frame.<init>(Frame.java:25)
	at com.extremettt.logic.TwoPlayerGame.<init>(TwoPlayerGame.java:23)
	at com.extremettt.gui.MyMouseListener.<init>(MyMouseListener.java:20)
	at com.extremettt.gui.Cell.<init>(Cell.java:22)
	at com.extremettt.gui.Frame.newPanelWithCells(Frame.java:47)
	at com.extremettt.gui.Frame.<init>(Frame.java:25)
	at com.extremettt.logic.TwoPlayerGame.<init>(TwoPlayerGame.java:23)
	at com.extremettt.gui.MyMouseListener.<init>(MyMouseListener.java:20)
	at com.extremettt.gui.Cell.<init>(Cell.java:22)
	at com.extremettt.gui.Frame.newPanelWithCells(Frame.java:47)
	at com.extremettt.gui.Frame.<init>(Frame.java:25)
	at com.extremettt.logic.TwoPlayerGame.<init>(TwoPlayerGame.java:23)
	at com.extremettt.gui.MyMouseListener.<init>(MyMouseListener.java:20)
	at com.extremettt.gui.Cell.<init>(Cell.java:22)
	at com.extremettt.gui.Frame.newPanelWithCells(Frame.java:47)
	at com.extremettt.gui.Frame.<init>(Frame.java:25)
	at com.extremettt.logic.TwoPlayerGame.<init>(TwoPlayerGame.java:23)
	at com.extremettt.gui.MyMouseListener.<init>(MyMouseListener.java:20)
	at com.extremettt.gui.Cell.<init>(Cell.java:22)
	at com.extremettt.gui.Frame.newPanelWithCells(Frame.java:47)
	at com.extremettt.gui.Frame.<init>(Frame.java:25)
	at com.extremettt.logic.TwoPlayerGame.<init>(TwoPlayerGame.java:23)
	at com.extremettt.gui.MyMouseListener.<init>(MyMouseListener.java:20)
	at com.extremettt.gui.Cell.<init>(Cell.java:22)
	at com.extremettt.gui.Frame.newPanelWithCells(Frame.java:47)
	at com.extremettt.gui.Frame.<init>(Frame.java:25)
	at com.extremettt.logic.TwoPlayerGame.<init>(TwoPlayerGame.java:23)
	at com.extremettt.gui.MyMouseListener.<init>(MyMouseListener.java:20)
	at com.extremettt.gui.Cell.<init>(Cell.java:22)
	at com.extremettt.gui.Frame.newPanelWithCells(Frame.java:47)
	at com.extremettt.gui.Frame.<init>(Frame.java:25)
	at com.extremettt.logic.TwoPlayerGame.<init>(TwoPlayerGame.java:23)
	at com.extremettt.gui.MyMouseListener.<init>(MyMouseListener.java:20)
	at com.extremettt.gui.Cell.<init>(Cell.java:22)
	at com.extremettt.gui.Frame.newPanelWithCells(Frame.java:47)
	at com.extremettt.gui.Frame.<init>(Frame.java:25)
	at com.extremettt.logic.TwoPlayerGame.<init>(TwoPlayerGame.java:23)
	at com.extremettt.gui.MyMouseListener.<init>(MyMouseListener.java:20)
	at com.extremettt.gui.Cell.<init>(Cell.java:22)
	at com.extremettt.gui.Frame.newPanelWithCells(Frame.java:47)
	at com.extremettt.gui.Frame.<init>(Frame.java:25)
	at com.extremettt.logic.TwoPlayerGame.<init>(TwoPlayerGame.java:23)
	at com.extremettt.gui.MyMouseListener.<init>(MyMouseListener.java:20)
	at com.extremettt.gui.Cell.<init>(Cell.java:22)
	at com.extremettt.gui.Frame.newPanelWithCells(Frame.java:47)
	at com.extremettt.gui.Frame.<init>(Frame.java:25)
	at com.extremettt.logic.TwoPlayerGame.<init>(TwoPlayerGame.java:23)
	at com.extremettt.gui.MyMouseListener.<init>(MyMouseListener.java:20)
	at com.extremettt.gui.Cell.<init>(Cell.java:22)
	at com.extremettt.gui.Frame.newPanelWithCells(Frame.java:47)
	at com.extremettt.gui.Frame.<init>(Frame.java:25)
	at com.extremettt.logic.TwoPlayerGame.<init>(TwoPlayerGame.java:23)
