<?xml version="1.0" encoding="UTF-8" ?>
<testsuite tests="33" failures="0" name="com.extremettt.logic.TwoPlayerGameTest" time="0.598" errors="0" skipped="0">
  <properties>
[...]
</properties>
  <testcase classname="com.extremettt.logic.TwoPlayerGameTest" name="setterWorksWithRandomChars" time="0.025"/>
  <testcase classname="com.extremettt.logic.TwoPlayerGameTest" name="whoseTurnIsCorrectAtStart" time="0.01"/>
  <testcase classname="com.extremettt.logic.TwoPlayerGameTest" name="isWonColumnsFalseWhenEmpty" time="0.013"/>
  <testcase classname="com.extremettt.logic.TwoPlayerGameTest" name="isWonTrueWhenRowsTrue" time="0.022"/>
  <testcase classname="com.extremettt.logic.TwoPlayerGameTest" name="swapTurnsWorksWhenX" time="0.024"/>
  <testcase classname="com.extremettt.logic.TwoPlayerGameTest" name="swapTurnsWorksWhenY" time="0"/>
  <testcase classname="com.extremettt.logic.TwoPlayerGameTest" name="isWonRowsTrueThirdRow" time="0.003"/>
  <testcase classname="com.extremettt.logic.TwoPlayerGameTest" name="isWonColumnsTrueFirstColumn" time="0.006"/>
  <testcase classname="com.extremettt.logic.TwoPlayerGameTest" name="isFullFalseOneToken" time="0.012"/>
  <testcase classname="com.extremettt.logic.TwoPlayerGameTest" name="isWonRowsFalseWithOnePerRow" time="0.031"/>
  <testcase classname="com.extremettt.logic.TwoPlayerGameTest" name="isWonRowsFalseWrongParameter" time="0.027"/>
  <testcase classname="com.extremettt.logic.TwoPlayerGameTest" name="isWonFalseWhenAllFalse" time="0.016"/>
  <testcase classname="com.extremettt.logic.TwoPlayerGameTest" name="isWonDiagonalTrueFromLeftDownToRightUp" time="0.02"/>
  <testcase classname="com.extremettt.logic.TwoPlayerGameTest" name="isWonColumnsTrueThirdColumn" time="0.037"/>
  <testcase classname="com.extremettt.logic.TwoPlayerGameTest" name="isFullFalseWhenEmpty" time="0.016"/>
  <testcase classname="com.extremettt.logic.TwoPlayerGameTest" name="isWonDiagonalFalseWhenEmpty" time="0.02"/>
  <testcase classname="com.extremettt.logic.TwoPlayerGameTest" name="isFullTrueWhenFull" time="0.008"/>
  <testcase classname="com.extremettt.logic.TwoPlayerGameTest" name="setterWorksWithX" time="0.002"/>
  <testcase classname="com.extremettt.logic.TwoPlayerGameTest" name="setterWorksWithY" time="0.005"/>
  <testcase classname="com.extremettt.logic.TwoPlayerGameTest" name="isWonDiagonalTrueFromLeftUpToRightDown" time="0.012"/>
  <testcase classname="com.extremettt.logic.TwoPlayerGameTest" name="isFullFalseEightTokens" time="0.038"/>
  <testcase classname="com.extremettt.logic.TwoPlayerGameTest" name="isWonColumnsTrueSecondColumn" time="0.02"/>
  <testcase classname="com.extremettt.logic.TwoPlayerGameTest" name="isWonColumnsFalseTwoPerColumn" time="0.021"/>
  <testcase classname="com.extremettt.logic.TwoPlayerGameTest" name="isWonDiagonalFalseCornerAndMiddle" time="0.03"/>
  <testcase classname="com.extremettt.logic.TwoPlayerGameTest" name="isFullWorksFalseThreeTokens" time="0.01"/>
  <testcase classname="com.extremettt.logic.TwoPlayerGameTest" name="isWonTrueWhenDiagonalTrue" time="0.007"/>
  <testcase classname="com.extremettt.logic.TwoPlayerGameTest" name="isFullFalseWhenWrongParameter" time="0.023"/>
  <testcase classname="com.extremettt.logic.TwoPlayerGameTest" name="isWonTrueWhenColumnsTrue" time="0.031"/>
  <testcase classname="com.extremettt.logic.TwoPlayerGameTest" name="isWonColumnsFalseOnePerColumn" time="0.015"/>
  <testcase classname="com.extremettt.logic.TwoPlayerGameTest" name="isWonRowsTrueFirstRow" time="0.019"/>
  <testcase classname="com.extremettt.logic.TwoPlayerGameTest" name="isWonRowsFalseWithTwoPerRow" time="0.024"/>
  <testcase classname="com.extremettt.logic.TwoPlayerGameTest" name="isWonRowsFalseWithEmpty" time="0.007"/>
  <testcase classname="com.extremettt.logic.TwoPlayerGameTest" name="isWonRowsTrueSecondRow" time="0.016"/>
</testsuite>